Arguments: 
  D:\software\nodejs\node.exe C:\Users\luojian\AppData\Roaming\npm\node_modules\yarn\bin\yarn.js add eslint -D

PATH: 
  D:\software\Git\mingw64\bin;D:\software\Git\usr\bin;C:\Users\luojian\bin;C:\Program Files (x86)\NetSarang\Xshell 6;C:\Windows\system32;C:\Windows;C:\Windows\System32\Wbem;C:\Windows\System32\WindowsPowerShell\v1.0;C:\Windows\System32\OpenSSH;C:\Program Files (x86)\NVIDIA Corporation\PhysX\Common;C:\Program Files\NVIDIA Corporation\NVIDIA NvDLISR;C:\Program Files\Intel\WiFi\bin;C:\Program Files\Common Files\Intel\WirelessCommon;D:\software\nodejs;D:\software\Git\cmd;D:\software\mactype;%adb%;C:\WINDOWS\system32;C:\WINDOWS;C:\WINDOWS\System32\Wbem;C:\WINDOWS\System32\WindowsPowerShell\v1.0;C:\WINDOWS\System32\OpenSSH;D:\software\OpenVPN\bin;C:\Users\luojian\AppData\Local\Microsoft\WindowsApps;C:\Users\luojian\AppData\Local\Programs\Microsoft VS Code\bin;C:\Users\luojian\AppData\Roaming\npm;C:\Users\luojian\AppData\Local\BypassRuntm

Yarn version: 
  1.21.0

Node version: 
  10.16.0

Platform: 
  win32 x64

Trace: 
  Error: http://rnpm.hz.netease.com/eslint: Request "http://rnpm.hz.netease.com/eslint" returned a 403
      at Request.params.callback [as _callback] (C:\Users\luojian\AppData\Roaming\npm\node_modules\yarn\lib\cli.js:66947:18)
      at Request.self.callback (C:\Users\luojian\AppData\Roaming\npm\node_modules\yarn\lib\cli.js:140622:22)
      at Request.emit (events.js:198:13)
      at Request.<anonymous> (C:\Users\luojian\AppData\Roaming\npm\node_modules\yarn\lib\cli.js:141594:10)
      at Request.emit (events.js:198:13)
      at Gunzip.<anonymous> (C:\Users\luojian\AppData\Roaming\npm\node_modules\yarn\lib\cli.js:141516:12)
      at Object.onceWrapper (events.js:286:20)
      at Gunzip.emit (events.js:203:15)
      at endReadableNT (_stream_readable.js:1129:12)
      at process._tickCallback (internal/process/next_tick.js:63:19)

npm manifest: 
  {
    "name": "go-vue",
    "version": "1.0.0",
    "description": "A Vue component to manage GoJS Diagrams",
    "main": "lib/cjs/gojs-vue.js",
    "scripts": {
      "build": "npm-run-all clean bundle",
      "clean": "run-p \"clean:*\"",
      "clean:dist": "rimraf dist",
      "clean:lib": "rimraf lib",
      "bundle": "rollup --config",
      "test": "echo \"Error: no test specified\" && exit 1"
    },
    "keywords": [
      "vue",
      "gojs"
    ],
    "author": "whu-luojian",
    "license": "ISC",
    "files": [
      "/dist",
      "/lib"
    ],
    "repository": {
      "type": "git",
      "url": ""
    },
    "peerDependencies": {
      "vue-property-decorator": "^8.4.1",
      "gojs": "^2.1.13"
    },
    "devDependencies": {
      "@rollup/plugin-node-resolve": "^7.1.3",
      "gojs": "^2.1.13",
      "npm-run-all": "^4.1.5",
      "rimraf": "^3.0.2",
      "rollup": "^2.6.1",
      "rollup-plugin-banner": "^0.2.1",
      "rollup-plugin-commonjs": "^10.1.0",
      "rollup-plugin-typescript2": "^0.27.0",
      "rollup-plugin-vue": "^5.1.6",
      "typescript": "^3.8.3",
      "vue": "^2.6.11",
      "vue-property-decorator": "^8.4.1",
      "vue-template-compiler": "^2.6.11"
    },
    "dependencies": {
      "tslib": "^1.11.1"
    }
  }

yarn manifest: 
  No manifest

Lockfile: 
  # THIS IS AN AUTOGENERATED FILE. DO NOT EDIT THIS FILE DIRECTLY.
  # yarn lockfile v1
  
  
  "@rollup/plugin-node-resolve@^7.1.3":
    version "7.1.3"
    resolved "http://rnpm.hz.netease.com/@rollup/plugin-node-resolve/download/@rollup/plugin-node-resolve-7.1.3.tgz#80de384edfbd7bfc9101164910f86078151a3eca"
    integrity sha1-gN44Tt+9e/yRARZJEPhgeBUaPso=
    dependencies:
      "@rollup/pluginutils" "^3.0.8"
      "@types/resolve" "0.0.8"
      builtin-modules "^3.1.0"
      is-module "^1.0.0"
      resolve "^1.14.2"
  
  "@rollup/pluginutils@^3.0.8":
    version "3.0.9"
    resolved "http://rnpm.hz.netease.com/@rollup/pluginutils/download/@rollup/pluginutils-3.0.9.tgz#aa6adca2c45e5a1b950103a999e3cddfe49fd775"
    integrity sha1-qmrcosReWhuVAQOpmePN3+Sf13U=
    dependencies:
      "@types/estree" "0.0.39"
      estree-walker "^1.0.1"
      micromatch "^4.0.2"
  
  "@types/babel-types@*", "@types/babel-types@^7.0.0":
    version "7.0.7"
    resolved "http://rnpm.hz.netease.com/@types/babel-types/download/@types/babel-types-7.0.7.tgz#667eb1640e8039436028055737d2b9986ee336e3"
    integrity sha1-Zn6xZA6AOUNgKAVXN9K5mG7jNuM=
  
  "@types/babylon@^6.16.2":
    version "6.16.5"
    resolved "http://rnpm.hz.netease.com/@types/babylon/download/@types/babylon-6.16.5.tgz#1c5641db69eb8cdf378edd25b4be7754beeb48b4"
    integrity sha1-HFZB22nrjN83jt0ltL53VL7rSLQ=
    dependencies:
      "@types/babel-types" "*"
  
  "@types/estree@0.0.39":
    version "0.0.39"
    resolved "http://rnpm.hz.netease.com/@types/estree/download/@types/estree-0.0.39.tgz#e177e699ee1b8c22d23174caaa7422644389509f"
    integrity sha1-4Xfmme4bjCLSMXTKqnQiZEOJUJ8=
  
  "@types/node@*":
    version "13.11.1"
    resolved "http://rnpm.hz.netease.com/@types/node/download/@types/node-13.11.1.tgz#49a2a83df9d26daacead30d0ccc8762b128d53c7"
    integrity sha1-SaKoPfnSbarOrTDQzMh2KxKNU8c=
  
  "@types/resolve@0.0.8":
    version "0.0.8"
    resolved "http://rnpm.hz.netease.com/@types/resolve/download/@types/resolve-0.0.8.tgz#f26074d238e02659e323ce1a13d041eee280e194"
    integrity sha1-8mB00jjgJlnjI84aE9BB7uKA4ZQ=
    dependencies:
      "@types/node" "*"
  
  "@vue/component-compiler-utils@^3.0.0":
    version "3.1.2"
    resolved "http://rnpm.hz.netease.com/@vue/component-compiler-utils/download/@vue/component-compiler-utils-3.1.2.tgz#8213a5ff3202f9f2137fe55370f9e8b9656081c3"
    integrity sha1-ghOl/zIC+fITf+VTcPnouWVggcM=
    dependencies:
      consolidate "^0.15.1"
      hash-sum "^1.0.2"
      lru-cache "^4.1.2"
      merge-source-map "^1.1.0"
      postcss "^7.0.14"
      postcss-selector-parser "^6.0.2"
      source-map "~0.6.1"
      vue-template-es2015-compiler "^1.9.0"
    optionalDependencies:
      prettier "^1.18.2"
  
  "@vue/component-compiler@^4.1.0":
    version "4.2.0"
    resolved "http://rnpm.hz.netease.com/@vue/component-compiler/download/@vue/component-compiler-4.2.0.tgz#437855cd59f3d713a4eef81bac7ab0f4950977b4"
    integrity sha1-Q3hVzVnz1xOk7vgbrHqw9JUJd7Q=
    dependencies:
      "@vue/component-compiler-utils" "^3.0.0"
      clean-css "^4.1.11"
      hash-sum "^1.0.2"
      postcss-modules-sync "^1.0.0"
      source-map "0.6.*"
    optionalDependencies:
      less "^3.9.0"
      pug "^2.0.3"
      sass "^1.18.0"
      stylus "^0.54.5"
  
  acorn-globals@^3.0.0:
    version "3.1.0"
    resolved "http://rnpm.hz.netease.com/acorn-globals/download/acorn-globals-3.1.0.tgz#fd8270f71fbb4996b004fa880ee5d46573a731bf"
    integrity sha1-/YJw9x+7SZawBPqIDuXUZXOnMb8=
    dependencies:
      acorn "^4.0.4"
  
  acorn@^3.1.0:
    version "3.3.0"
    resolved "http://rnpm.hz.netease.com/acorn/download/acorn-3.3.0.tgz#45e37fb39e8da3f25baee3ff5369e2bb5f22017a"
    integrity sha1-ReN/s56No/JbruP/U2niu18iAXo=
  
  acorn@^4.0.4, acorn@~4.0.2:
    version "4.0.13"
    resolved "http://rnpm.hz.netease.com/acorn/download/acorn-4.0.13.tgz#105495ae5361d697bd195c825192e1ad7f253787"
    integrity sha1-EFSVrlNh1pe9GVyCUZLhrX8lN4c=
  
  ajv@^6.5.5:
    version "6.12.0"
    resolved "http://rnpm.hz.netease.com/ajv/download/ajv-6.12.0.tgz#06d60b96d87b8454a5adaba86e7854da629db4b7"
    integrity sha1-BtYLlth7hFSlrauobnhU2mKdtLc=
    dependencies:
      fast-deep-equal "^3.1.1"
      fast-json-stable-stringify "^2.0.0"
      json-schema-traverse "^0.4.1"
      uri-js "^4.2.2"
  
  align-text@^0.1.1, align-text@^0.1.3:
    version "0.1.4"
    resolved "http://rnpm.hz.netease.com/align-text/download/align-text-0.1.4.tgz#0cd90a561093f35d0a99256c22b7069433fad117"
    integrity sha1-DNkKVhCT810KmSVsIrcGlDP60Rc=
    dependencies:
      kind-of "^3.0.2"
      longest "^1.0.1"
      repeat-string "^1.5.2"
  
  ansi-regex@^2.0.0:
    version "2.1.1"
    resolved "http://rnpm.hz.netease.com/ansi-regex/download/ansi-regex-2.1.1.tgz#c3b33ab5ee360d86e0e628f0468ae7ef27d654df"
    integrity sha1-w7M6te42DYbg5ijwRorn7yfWVN8=
  
  ansi-styles@^2.2.1:
    version "2.2.1"
    resolved "http://rnpm.hz.netease.com/ansi-styles/download/ansi-styles-2.2.1.tgz#b432dd3358b634cf75e1e4664368240533c1ddbe"
    integrity sha1-tDLdM1i2NM914eRmQ2gkBTPB3b4=
  
  ansi-styles@^3.2.1:
    version "3.2.1"
    resolved "http://rnpm.hz.netease.com/ansi-styles/download/ansi-styles-3.2.1.tgz#41fbb20243e50b12be0f04b8dedbf07520ce841d"
    integrity sha1-QfuyAkPlCxK+DwS43tvwdSDOhB0=
    dependencies:
      color-convert "^1.9.0"
  
  anymatch@~3.1.1:
    version "3.1.1"
    resolved "http://rnpm.hz.netease.com/anymatch/download/anymatch-3.1.1.tgz#c55ecf02185e2469259399310c173ce31233b142"
    integrity sha1-xV7PAhheJGklk5kxDBc84xIzsUI=
    dependencies:
      normalize-path "^3.0.0"
      picomatch "^2.0.4"
  
  asap@~2.0.3:
    version "2.0.6"
    resolved "http://rnpm.hz.netease.com/asap/download/asap-2.0.6.tgz#e50347611d7e690943208bbdafebcbc2fb866d46"
    integrity sha1-5QNHYR1+aQlDIIu9r+vLwvuGbUY=
  
  asn1@~0.2.3:
    version "0.2.4"
    resolved "http://rnpm.hz.netease.com/asn1/download/asn1-0.2.4.tgz#8d2475dfab553bb33e77b54e59e880bb8ce23136"
    integrity sha1-jSR136tVO7M+d7VOWeiAu4ziMTY=
    dependencies:
      safer-buffer "~2.1.0"
  
  assert-plus@1.0.0, assert-plus@^1.0.0:
    version "1.0.0"
    resolved "http://rnpm.hz.netease.com/assert-plus/download/assert-plus-1.0.0.tgz#f12e0f3c5d77b0b1cdd9146942e4e96c1e4dd525"
    integrity sha1-8S4PPF13sLHN2RRpQuTpbB5N1SU=
  
  asynckit@^0.4.0:
    version "0.4.0"
    resolved "http://rnpm.hz.netease.com/asynckit/download/asynckit-0.4.0.tgz#c79ed97f7f34cb8f2ba1bc9790bcc366474b4b79"
    integrity sha1-x57Zf380y48robyXkLzDZkdLS3k=
  
  atob@^2.1.2:
    version "2.1.2"
    resolved "http://rnpm.hz.netease.com/atob/download/atob-2.1.2.tgz#6d9517eb9e030d2436666651e86bd9f6f13533c9"
    integrity sha1-bZUX654DDSQ2ZmZR6GvZ9vE1M8k=
  
  aws-sign2@~0.7.0:
    version "0.7.0"
    resolved "http://rnpm.hz.netease.com/aws-sign2/download/aws-sign2-0.7.0.tgz#b46e890934a9591f2d2f6f86d7e6a9f1b3fe76a8"
    integrity sha1-tG6JCTSpWR8tL2+G1+ap8bP+dqg=
  
  aws4@^1.8.0:
    version "1.9.1"
    resolved "http://rnpm.hz.netease.com/aws4/download/aws4-1.9.1.tgz#7e33d8f7d449b3f673cd72deb9abdc552dbe528e"
    integrity sha1-fjPY99RJs/ZzzXLeuavcVS2+Uo4=
  
  babel-runtime@^6.26.0:
    version "6.26.0"
    resolved "http://rnpm.hz.netease.com/babel-runtime/download/babel-runtime-6.26.0.tgz#965c7058668e82b55d7bfe04ff2337bc8b5647fe"
    integrity sha1-llxwWGaOgrVde/4E/yM3vItWR/4=
    dependencies:
      core-js "^2.4.0"
      regenerator-runtime "^0.11.0"
  
  babel-types@^6.26.0:
    version "6.26.0"
    resolved "http://rnpm.hz.netease.com/babel-types/download/babel-types-6.26.0.tgz#a3b073f94ab49eb6fa55cd65227a334380632497"
    integrity sha1-o7Bz+Uq0nrb6Vc1lInozQ4BjJJc=
    dependencies:
      babel-runtime "^6.26.0"
      esutils "^2.0.2"
      lodash "^4.17.4"
      to-fast-properties "^1.0.3"
  
  babylon@^6.18.0:
    version "6.18.0"
    resolved "http://rnpm.hz.netease.com/babylon/download/babylon-6.18.0.tgz#af2f3b88fa6f5c1e4c634d1a0f8eac4f55b395e3"
    integrity sha1-ry87iPpvXB5MY00aD46sT1WzleM=
  
  balanced-match@^1.0.0:
    version "1.0.0"
    resolved "http://rnpm.hz.netease.com/balanced-match/download/balanced-match-1.0.0.tgz#89b4d199ab2bee49de164ea02b89ce462d71b767"
    integrity sha1-ibTRmasr7kneFk6gK4nORi1xt2c=
  
  bcrypt-pbkdf@^1.0.0:
    version "1.0.2"
    resolved "http://rnpm.hz.netease.com/bcrypt-pbkdf/download/bcrypt-pbkdf-1.0.2.tgz#a4301d389b6a43f9b67ff3ca11a3f6637e360e9e"
    integrity sha1-pDAdOJtqQ/m2f/PKEaP2Y342Dp4=
    dependencies:
      tweetnacl "^0.14.3"
  
  big.js@^3.1.3:
    version "3.2.0"
    resolved "http://rnpm.hz.netease.com/big.js/download/big.js-3.2.0.tgz#a5fc298b81b9e0dca2e458824784b65c52ba588e"
    integrity sha1-pfwpi4G54Nyi5FiCR4S2XFK6WI4=
  
  binary-extensions@^2.0.0:
    version "2.0.0"
    resolved "http://rnpm.hz.netease.com/binary-extensions/download/binary-extensions-2.0.0.tgz#23c0df14f6a88077f5f986c0d167ec03c3d5537c"
    integrity sha1-I8DfFPaogHf1+YbA0WfsA8PVU3w=
  
  bluebird@^3.1.1:
    version "3.7.2"
    resolved "http://rnpm.hz.netease.com/bluebird/download/bluebird-3.7.2.tgz#9f229c15be272454ffa973ace0dbee79a1b0c36f"
    integrity sha1-nyKcFb4nJFT/qXOs4NvueaGww28=
  
  brace-expansion@^1.1.7:
    version "1.1.11"
    resolved "http://rnpm.hz.netease.com/brace-expansion/download/brace-expansion-1.1.11.tgz#3c7fcbf529d87226f3d2f52b966ff5271eb441dd"
    integrity sha1-PH/L9SnYcibz0vUrlm/1Jx60Qd0=
    dependencies:
      balanced-match "^1.0.0"
      concat-map "0.0.1"
  
  braces@^3.0.1, braces@~3.0.2:
    version "3.0.2"
    resolved "http://rnpm.hz.netease.com/braces/download/braces-3.0.2.tgz#3454e1a462ee8d599e236df336cd9ea4f8afe107"
    integrity sha1-NFThpGLujVmeI23zNs2epPiv4Qc=
    dependencies:
      fill-range "^7.0.1"
  
  builtin-modules@^3.1.0:
    version "3.1.0"
    resolved "http://rnpm.hz.netease.com/builtin-modules/download/builtin-modules-3.1.0.tgz#aad97c15131eb76b65b50ef208e7584cd76a7484"
    integrity sha1-qtl8FRMet2tltQ7yCOdYTNdqdIQ=
  
  camelcase@^1.0.2:
    version "1.2.1"
    resolved "http://rnpm.hz.netease.com/camelcase/download/camelcase-1.2.1.tgz#9bb5304d2e0b56698b2c758b08a3eaa9daa58a39"
    integrity sha1-m7UwTS4LVmmLLHWLCKPqqdqlijk=
  
  caseless@~0.12.0:
    version "0.12.0"
    resolved "http://rnpm.hz.netease.com/caseless/download/caseless-0.12.0.tgz#1b681c21ff84033c826543090689420d187151dc"
    integrity sha1-G2gcIf+EAzyCZUMJBolCDRhxUdw=
  
  center-align@^0.1.1:
    version "0.1.3"
    resolved "http://rnpm.hz.netease.com/center-align/download/center-align-0.1.3.tgz#aa0d32629b6ee972200411cbd4461c907bc2b7ad"
    integrity sha1-qg0yYptu6XIgBBHL1EYckHvCt60=
    dependencies:
      align-text "^0.1.3"
      lazy-cache "^1.0.3"
  
  chalk@^1.1.3:
    version "1.1.3"
    resolved "http://rnpm.hz.netease.com/chalk/download/chalk-1.1.3.tgz#a8115c55e4a702fe4d150abd3872822a7e09fc98"
    integrity sha1-qBFcVeSnAv5NFQq9OHKCKn4J/Jg=
    dependencies:
      ansi-styles "^2.2.1"
      escape-string-regexp "^1.0.2"
      has-ansi "^2.0.0"
      strip-ansi "^3.0.0"
      supports-color "^2.0.0"
  
  chalk@^2.4.1, chalk@^2.4.2:
    version "2.4.2"
    resolved "http://rnpm.hz.netease.com/chalk/download/chalk-2.4.2.tgz#cd42541677a54333cf541a49108c1432b44c9424"
    integrity sha1-zUJUFnelQzPPVBpJEIwUMrRMlCQ=
    dependencies:
      ansi-styles "^3.2.1"
      escape-string-regexp "^1.0.5"
      supports-color "^5.3.0"
  
  character-parser@^2.1.1:
    version "2.2.0"
    resolved "http://rnpm.hz.netease.com/character-parser/download/character-parser-2.2.0.tgz#c7ce28f36d4bcd9744e5ffc2c5fcde1c73261fc0"
    integrity sha1-x84o821LzZdE5f/CxfzeHHMmH8A=
    dependencies:
      is-regex "^1.0.3"
  
  "chokidar@>=2.0.0 <4.0.0":
    version "3.3.1"
    resolved "http://rnpm.hz.netease.com/chokidar/download/chokidar-3.3.1.tgz#c84e5b3d18d9a4d77558fef466b1bf16bbeb3450"
    integrity sha1-yE5bPRjZpNd1WP70ZrG/FrvrNFA=
    dependencies:
      anymatch "~3.1.1"
      braces "~3.0.2"
      glob-parent "~5.1.0"
      is-binary-path "~2.1.0"
      is-glob "~4.0.1"
      normalize-path "~3.0.0"
      readdirp "~3.3.0"
    optionalDependencies:
      fsevents "~2.1.2"
  
  clean-css@^4.1.11:
    version "4.2.3"
    resolved "http://rnpm.hz.netease.com/clean-css/download/clean-css-4.2.3.tgz#507b5de7d97b48ee53d84adb0160ff6216380f78"
    integrity sha1-UHtd59l7SO5T2ErbAWD/YhY4D3g=
    dependencies:
      source-map "~0.6.0"
  
  cliui@^2.1.0:
    version "2.1.0"
    resolved "http://rnpm.hz.netease.com/cliui/download/cliui-2.1.0.tgz#4b475760ff80264c762c3a1719032e91c7fea0d1"
    integrity sha1-S0dXYP+AJkx2LDoXGQMukcf+oNE=
    dependencies:
      center-align "^0.1.1"
      right-align "^0.1.1"
      wordwrap "0.0.2"
  
  clone@^2.1.2:
    version "2.1.2"
    resolved "http://rnpm.hz.netease.com/clone/download/clone-2.1.2.tgz#1b7f4b9f591f1e8f83670401600345a02887435f"
    integrity sha1-G39Ln1kfHo+DZwQBYANFoCiHQ18=
  
  color-convert@^1.9.0:
    version "1.9.3"
    resolved "http://rnpm.hz.netease.com/color-convert/download/color-convert-1.9.3.tgz#bb71850690e1f136567de629d2d5471deda4c1e8"
    integrity sha1-u3GFBpDh8TZWfeYp0tVHHe2kweg=
    dependencies:
      color-name "1.1.3"
  
  color-name@1.1.3:
    version "1.1.3"
    resolved "http://rnpm.hz.netease.com/color-name/download/color-name-1.1.3.tgz#a7d0558bd89c42f795dd42328f740831ca53bc25"
    integrity sha1-p9BVi9icQveV3UIyj3QIMcpTvCU=
  
  combined-stream@^1.0.6, combined-stream@~1.0.6:
    version "1.0.8"
    resolved "http://rnpm.hz.netease.com/combined-stream/download/combined-stream-1.0.8.tgz#c3d45a8b34fd730631a110a8a2520682b31d5a7f"
    integrity sha1-w9RaizT9cwYxoRCoolIGgrMdWn8=
    dependencies:
      delayed-stream "~1.0.0"
  
  commondir@^1.0.1:
    version "1.0.1"
    resolved "http://rnpm.hz.netease.com/commondir/download/commondir-1.0.1.tgz#ddd800da0c66127393cca5950ea968a3aaf1253b"
    integrity sha1-3dgA2gxmEnOTzKWVDqloo6rxJTs=
  
  concat-map@0.0.1:
    version "0.0.1"
    resolved "http://rnpm.hz.netease.com/concat-map/download/concat-map-0.0.1.tgz#d8a96bd77fd68df7793a73036a3ba0d5405d477b"
    integrity sha1-2Klr13/Wjfd5OnMDajug1UBdR3s=
  
  consolidate@^0.15.1:
    version "0.15.1"
    resolved "http://rnpm.hz.netease.com/consolidate/download/consolidate-0.15.1.tgz#21ab043235c71a07d45d9aad98593b0dba56bab7"
    integrity sha1-IasEMjXHGgfUXZqtmFk7DbpWurc=
    dependencies:
      bluebird "^3.1.1"
  
  constantinople@^3.0.1, constantinople@^3.1.2:
    version "3.1.2"
    resolved "http://rnpm.hz.netease.com/constantinople/download/constantinople-3.1.2.tgz#d45ed724f57d3d10500017a7d3a889c1381ae647"
    integrity sha1-1F7XJPV9PRBQABen06iJwTga5kc=
    dependencies:
      "@types/babel-types" "^7.0.0"
      "@types/babylon" "^6.16.2"
      babel-types "^6.26.0"
      babylon "^6.18.0"
  
  core-js@^2.4.0:
    version "2.6.11"
    resolved "http://rnpm.hz.netease.com/core-js/download/core-js-2.6.11.tgz#38831469f9922bded8ee21c9dc46985e0399308c"
    integrity sha1-OIMUafmSK97Y7iHJ3EaYXgOZMIw=
  
  core-util-is@1.0.2:
    version "1.0.2"
    resolved "http://rnpm.hz.netease.com/core-util-is/download/core-util-is-1.0.2.tgz#b5fd54220aa2bc5ab57aab7140c940754503c1a7"
    integrity sha1-tf1UIgqivFq1eqtxQMlAdUUDwac=
  
  cross-spawn@^6.0.5:
    version "6.0.5"
    resolved "http://rnpm.hz.netease.com/cross-spawn/download/cross-spawn-6.0.5.tgz#4a5ec7c64dfae22c3a14124dbacdee846d80cbc4"
    integrity sha1-Sl7Hxk364iw6FBJNus3uhG2Ay8Q=
    dependencies:
      nice-try "^1.0.4"
      path-key "^2.0.1"
      semver "^5.5.0"
      shebang-command "^1.2.0"
      which "^1.2.9"
  
  css-parse@~2.0.0:
    version "2.0.0"
    resolved "http://rnpm.hz.netease.com/css-parse/download/css-parse-2.0.0.tgz#a468ee667c16d81ccf05c58c38d2a97c780dbfd4"
    integrity sha1-pGjuZnwW2BzPBcWMONKpfHgNv9Q=
    dependencies:
      css "^2.0.0"
  
  css-selector-tokenizer@^0.7.0:
    version "0.7.2"
    resolved "http://rnpm.hz.netease.com/css-selector-tokenizer/download/css-selector-tokenizer-0.7.2.tgz#11e5e27c9a48d90284f22d45061c303d7a25ad87"
    integrity sha1-EeXifJpI2QKE8i1FBhwwPXolrYc=
    dependencies:
      cssesc "^3.0.0"
      fastparse "^1.1.2"
      regexpu-core "^4.6.0"
  
  css@^2.0.0:
    version "2.2.4"
    resolved "http://rnpm.hz.netease.com/css/download/css-2.2.4.tgz#c646755c73971f2bba6a601e2cf2fd71b1298929"
    integrity sha1-xkZ1XHOXHyu6amAeLPL9cbEpiSk=
    dependencies:
      inherits "^2.0.3"
      source-map "^0.6.1"
      source-map-resolve "^0.5.2"
      urix "^0.1.0"
  
  cssesc@^3.0.0:
    version "3.0.0"
    resolved "http://rnpm.hz.netease.com/cssesc/download/cssesc-3.0.0.tgz#37741919903b868565e1c09ea747445cd18983ee"
    integrity sha1-N3QZGZA7hoVl4cCep0dEXNGJg+4=
  
  dashdash@^1.12.0:
    version "1.14.1"
    resolved "http://rnpm.hz.netease.com/dashdash/download/dashdash-1.14.1.tgz#853cfa0f7cbe2fed5de20326b8dd581035f6e2f0"
    integrity sha1-hTz6D3y+L+1d4gMmuN1YEDX24vA=
    dependencies:
      assert-plus "^1.0.0"
  
  de-indent@^1.0.2:
    version "1.0.2"
    resolved "http://rnpm.hz.netease.com/de-indent/download/de-indent-1.0.2.tgz#b2038e846dc33baa5796128d0804b455b8c1e21d"
    integrity sha1-sgOOhG3DO6pXlhKNCAS0VbjB4h0=
  
  debug@^4.1.1:
    version "4.1.1"
    resolved "http://rnpm.hz.netease.com/debug/download/debug-4.1.1.tgz#3b72260255109c6b589cee050f1d516139664791"
    integrity sha1-O3ImAlUQnGtYnO4FDx1RYTlmR5E=
    dependencies:
      ms "^2.1.1"
  
  debug@~3.1.0:
    version "3.1.0"
    resolved "http://rnpm.hz.netease.com/debug/download/debug-3.1.0.tgz#5bb5a0672628b64149566ba16819e61518c67261"
    integrity sha1-W7WgZyYotkFJVmuhaBnmFRjGcmE=
    dependencies:
      ms "2.0.0"
  
  decamelize@^1.0.0:
    version "1.2.0"
    resolved "http://rnpm.hz.netease.com/decamelize/download/decamelize-1.2.0.tgz#f6534d15148269b20352e7bee26f501f9a191290"
    integrity sha1-9lNNFRSCabIDUue+4m9QH5oZEpA=
  
  decode-uri-component@^0.2.0:
    version "0.2.0"
    resolved "http://rnpm.hz.netease.com/decode-uri-component/download/decode-uri-component-0.2.0.tgz#eb3913333458775cb84cd1a1fae062106bb87545"
    integrity sha1-6zkTMzRYd1y4TNGh+uBiEGu4dUU=
  
  define-properties@^1.1.2, define-properties@^1.1.3:
    version "1.1.3"
    resolved "http://rnpm.hz.netease.com/define-properties/download/define-properties-1.1.3.tgz#cf88da6cbee26fe6db7094f61d870cbd84cee9f1"
    integrity sha1-z4jabL7ib+bbcJT2HYcMvYTO6fE=
    dependencies:
      object-keys "^1.0.12"
  
  delayed-stream@~1.0.0:
    version "1.0.0"
    resolved "http://rnpm.hz.netease.com/delayed-stream/download/delayed-stream-1.0.0.tgz#df3ae199acadfb7d440aaae0b29e2272b24ec619"
    integrity sha1-3zrhmayt+31ECqrgsp4icrJOxhk=
  
  doctypes@^1.1.0:
    version "1.1.0"
    resolved "http://rnpm.hz.netease.com/doctypes/download/doctypes-1.1.0.tgz#ea80b106a87538774e8a3a4a5afe293de489e0a9"
    integrity sha1-6oCxBqh1OHdOijpKWv4pPeSJ4Kk=
  
  ecc-jsbn@~0.1.1:
    version "0.1.2"
    resolved "http://rnpm.hz.netease.com/ecc-jsbn/download/ecc-jsbn-0.1.2.tgz#3a83a904e54353287874c564b7549386849a98c9"
    integrity sha1-OoOpBOVDUyh4dMVkt1SThoSamMk=
    dependencies:
      jsbn "~0.1.0"
      safer-buffer "^2.1.0"
  
  emojis-list@^2.0.0:
    version "2.1.0"
    resolved "http://rnpm.hz.netease.com/emojis-list/download/emojis-list-2.1.0.tgz#4daa4d9db00f9819880c79fa457ae5b09a1fd389"
    integrity sha1-TapNnbAPmBmIDHn6RXrlsJof04k=
  
  errno@^0.1.1:
    version "0.1.7"
    resolved "http://rnpm.hz.netease.com/errno/download/errno-0.1.7.tgz#4684d71779ad39af177e3f007996f7c67c852618"
    integrity sha1-RoTXF3mtOa8Xfj8AeZb3xnyFJhg=
    dependencies:
      prr "~1.0.1"
  
  error-ex@^1.3.1:
    version "1.3.2"
    resolved "http://rnpm.hz.netease.com/error-ex/download/error-ex-1.3.2.tgz#b4ac40648107fdcdcfae242f428bea8a14d4f1bf"
    integrity sha1-tKxAZIEH/c3PriQvQovqihTU8b8=
    dependencies:
      is-arrayish "^0.2.1"
  
  es-abstract@^1.17.0-next.1, es-abstract@^1.17.5:
    version "1.17.5"
    resolved "http://rnpm.hz.netease.com/es-abstract/download/es-abstract-1.17.5.tgz#d8c9d1d66c8981fb9200e2251d799eee92774ae9"
    integrity sha1-2MnR1myJgfuSAOIlHXme7pJ3Suk=
    dependencies:
      es-to-primitive "^1.2.1"
      function-bind "^1.1.1"
      has "^1.0.3"
      has-symbols "^1.0.1"
      is-callable "^1.1.5"
      is-regex "^1.0.5"
      object-inspect "^1.7.0"
      object-keys "^1.1.1"
      object.assign "^4.1.0"
      string.prototype.trimleft "^2.1.1"
      string.prototype.trimright "^2.1.1"
  
  es-to-primitive@^1.2.1:
    version "1.2.1"
    resolved "http://rnpm.hz.netease.com/es-to-primitive/download/es-to-primitive-1.2.1.tgz#e55cd4c9cdc188bcefb03b366c736323fc5c898a"
    integrity sha1-5VzUyc3BiLzvsDs2bHNjI/xciYo=
    dependencies:
      is-callable "^1.1.4"
      is-date-object "^1.0.1"
      is-symbol "^1.0.2"
  
  escape-string-regexp@^1.0.2, escape-string-regexp@^1.0.5:
    version "1.0.5"
    resolved "http://rnpm.hz.netease.com/escape-string-regexp/download/escape-string-regexp-1.0.5.tgz#1b61c0562190a8dff6ae3bb2cf0200ca130b86d4"
    integrity sha1-G2HAViGQqN/2rjuyzwIAyhMLhtQ=
  
  estree-walker@^0.6.1:
    version "0.6.1"
    resolved "http://rnpm.hz.netease.com/estree-walker/download/estree-walker-0.6.1.tgz#53049143f40c6eb918b23671d1fe3219f3a1b362"
    integrity sha1-UwSRQ/QMbrkYsjZx0f4yGfOhs2I=
  
  estree-walker@^1.0.1:
    version "1.0.1"
    resolved "http://rnpm.hz.netease.com/estree-walker/download/estree-walker-1.0.1.tgz#31bc5d612c96b704106b477e6dd5d8aa138cb700"
    integrity sha1-MbxdYSyWtwQQa0d+bdXYqhOMtwA=
  
  esutils@^2.0.2:
    version "2.0.3"
    resolved "http://rnpm.hz.netease.com/esutils/download/esutils-2.0.3.tgz#74d2eb4de0b8da1293711910d50775b9b710ef64"
    integrity sha1-dNLrTeC42hKTcRkQ1Qd1ubcQ72Q=
  
  extend@~3.0.2:
    version "3.0.2"
    resolved "http://rnpm.hz.netease.com/extend/download/extend-3.0.2.tgz#f8b1136b4071fbd8eb140aff858b1019ec2915fa"
    integrity sha1-+LETa0Bx+9jrFAr/hYsQGewpFfo=
  
  extsprintf@1.3.0:
    version "1.3.0"
    resolved "http://rnpm.hz.netease.com/extsprintf/download/extsprintf-1.3.0.tgz#96918440e3041a7a414f8c52e3c574eb3c3e1e05"
    integrity sha1-lpGEQOMEGnpBT4xS48V06zw+HgU=
  
  extsprintf@^1.2.0:
    version "1.4.0"
    resolved "http://rnpm.hz.netease.com/extsprintf/download/extsprintf-1.4.0.tgz#e2689f8f356fad62cca65a3a91c5df5f9551692f"
    integrity sha1-4mifjzVvrWLMplo6kcXfX5VRaS8=
  
  fast-deep-equal@^3.1.1:
    version "3.1.1"
    resolved "http://rnpm.hz.netease.com/fast-deep-equal/download/fast-deep-equal-3.1.1.tgz#545145077c501491e33b15ec408c294376e94ae4"
    integrity sha1-VFFFB3xQFJHjOxXsQIwpQ3bpSuQ=
  
  fast-json-stable-stringify@^2.0.0:
    version "2.1.0"
    resolved "http://rnpm.hz.netease.com/fast-json-stable-stringify/download/fast-json-stable-stringify-2.1.0.tgz#874bf69c6f404c2b5d99c481341399fd55892633"
    integrity sha1-h0v2nG9ATCtdmcSBNBOZ/VWJJjM=
  
  fastparse@^1.1.2:
    version "1.1.2"
    resolved "http://rnpm.hz.netease.com/fastparse/download/fastparse-1.1.2.tgz#91728c5a5942eced8531283c79441ee4122c35a9"
    integrity sha1-kXKMWllC7O2FMSg8eUQe5BIsNak=
  
  fill-range@^7.0.1:
    version "7.0.1"
    resolved "http://rnpm.hz.netease.com/fill-range/download/fill-range-7.0.1.tgz#1919a6a7c75fe38b2c7c77e5198535da9acdda40"
    integrity sha1-GRmmp8df44ssfHflGYU12prN2kA=
    dependencies:
      to-regex-range "^5.0.1"
  
  find-cache-dir@^3.3.1:
    version "3.3.1"
    resolved "http://rnpm.hz.netease.com/find-cache-dir/download/find-cache-dir-3.3.1.tgz#89b33fad4a4670daa94f855f7fbe31d6d84fe880"
    integrity sha1-ibM/rUpGcNqpT4Vff74x1thP6IA=
    dependencies:
      commondir "^1.0.1"
      make-dir "^3.0.2"
      pkg-dir "^4.1.0"
  
  find-up@^4.0.0:
    version "4.1.0"
    resolved "http://rnpm.hz.netease.com/find-up/download/find-up-4.1.0.tgz#97afe7d6cdc0bc5928584b7c8d7b16e8a9aa5d19"
    integrity sha1-l6/n1s3AvFkoWEt8jXsW6KmqXRk=
    dependencies:
      locate-path "^5.0.0"
      path-exists "^4.0.0"
  
  forever-agent@~0.6.1:
    version "0.6.1"
    resolved "http://rnpm.hz.netease.com/forever-agent/download/forever-agent-0.6.1.tgz#fbc71f0c41adeb37f96c577ad1ed42d8fdacca91"
    integrity sha1-+8cfDEGt6zf5bFd60e1C2P2sypE=
  
  form-data@~2.3.2:
    version "2.3.3"
    resolved "http://rnpm.hz.netease.com/form-data/download/form-data-2.3.3.tgz#dcce52c05f644f298c6a7ab936bd724ceffbf3a6"
    integrity sha1-3M5SwF9kTymManq5Nr1yTO/786Y=
    dependencies:
      asynckit "^0.4.0"
      combined-stream "^1.0.6"
      mime-types "^2.1.12"
  
  fs-extra@8.1.0:
    version "8.1.0"
    resolved "http://rnpm.hz.netease.com/fs-extra/download/fs-extra-8.1.0.tgz#49d43c45a88cd9677668cb7be1b46efdb8d2e1c0"
    integrity sha1-SdQ8RaiM2Wd2aMt74bRu/bjS4cA=
    dependencies:
      graceful-fs "^4.2.0"
      jsonfile "^4.0.0"
      universalify "^0.1.0"
  
  fs.realpath@^1.0.0:
    version "1.0.0"
    resolved "http://rnpm.hz.netease.com/fs.realpath/download/fs.realpath-1.0.0.tgz#1504ad2523158caa40db4a2787cb01411994ea4f"
    integrity sha1-FQStJSMVjKpA20onh8sBQRmU6k8=
  
  fsevents@~2.1.2:
    version "2.1.2"
    resolved "http://rnpm.hz.netease.com/fsevents/download/fsevents-2.1.2.tgz#4c0a1fb34bc68e543b4b82a9ec392bfbda840805"
    integrity sha1-TAofs0vGjlQ7S4Kp7Dkr+9qECAU=
  
  function-bind@^1.1.1:
    version "1.1.1"
    resolved "http://rnpm.hz.netease.com/function-bind/download/function-bind-1.1.1.tgz#a56899d3ea3c9bab874bb9773b7c5ede92f4895d"
    integrity sha1-pWiZ0+o8m6uHS7l3O3xe3pL0iV0=
  
  generic-names@^1.0.2:
    version "1.0.3"
    resolved "http://rnpm.hz.netease.com/generic-names/download/generic-names-1.0.3.tgz#2d786a121aee508876796939e8e3bff836c20917"
    integrity sha1-LXhqEhruUIh2eWk56OO/+DbCCRc=
    dependencies:
      loader-utils "^0.2.16"
  
  getpass@^0.1.1:
    version "0.1.7"
    resolved "http://rnpm.hz.netease.com/getpass/download/getpass-0.1.7.tgz#5eff8e3e684d569ae4cb2b1282604e8ba62149fa"
    integrity sha1-Xv+OPmhNVprkyysSgmBOi6YhSfo=
    dependencies:
      assert-plus "^1.0.0"
  
  glob-parent@~5.1.0:
    version "5.1.1"
    resolved "http://rnpm.hz.netease.com/glob-parent/download/glob-parent-5.1.1.tgz#b6c1ef417c4e5663ea498f1c45afac6916bbc229"
    integrity sha1-tsHvQXxOVmPqSY8cRa+saRa7wik=
    dependencies:
      is-glob "^4.0.1"
  
  glob@^7.1.3:
    version "7.1.6"
    resolved "http://rnpm.hz.netease.com/glob/download/glob-7.1.6.tgz#141f33b81a7c2492e125594307480c46679278a6"
    integrity sha1-FB8zuBp8JJLhJVlDB0gMRmeSeKY=
    dependencies:
      fs.realpath "^1.0.0"
      inflight "^1.0.4"
      inherits "2"
      minimatch "^3.0.4"
      once "^1.3.0"
      path-is-absolute "^1.0.0"
  
  gojs@^2.1.13:
    version "2.1.13"
    resolved "http://rnpm.hz.netease.com/gojs/download/gojs-2.1.13.tgz#d663f18bc713a3f6667ac7575ee0a365e661c816"
    integrity sha1-1mPxi8cTo/ZmesdXXuCjZeZhyBY=
  
  graceful-fs@^4.1.2, graceful-fs@^4.1.6, graceful-fs@^4.2.0:
    version "4.2.3"
    resolved "http://rnpm.hz.netease.com/graceful-fs/download/graceful-fs-4.2.3.tgz#4a12ff1b60376ef09862c2093edd908328be8423"
    integrity sha1-ShL/G2A3bvCYYsIJPt2Qgyi+hCM=
  
  har-schema@^2.0.0:
    version "2.0.0"
    resolved "http://rnpm.hz.netease.com/har-schema/download/har-schema-2.0.0.tgz#a94c2224ebcac04782a0d9035521f24735b7ec92"
    integrity sha1-qUwiJOvKwEeCoNkDVSHyRzW37JI=
  
  har-validator@~5.1.3:
    version "5.1.3"
    resolved "http://rnpm.hz.netease.com/har-validator/download/har-validator-5.1.3.tgz#1ef89ebd3e4996557675eed9893110dc350fa080"
    integrity sha1-HvievT5JllV2de7ZiTEQ3DUPoIA=
    dependencies:
      ajv "^6.5.5"
      har-schema "^2.0.0"
  
  has-ansi@^2.0.0:
    version "2.0.0"
    resolved "http://rnpm.hz.netease.com/has-ansi/download/has-ansi-2.0.0.tgz#34f5049ce1ecdf2b0649af3ef24e45ed35416d91"
    integrity sha1-NPUEnOHs3ysGSa8+8k5F7TVBbZE=
    dependencies:
      ansi-regex "^2.0.0"
  
  has-flag@^1.0.0:
    version "1.0.0"
    resolved "http://rnpm.hz.netease.com/has-flag/download/has-flag-1.0.0.tgz#9d9e793165ce017a00f00418c43f942a7b1d11fa"
    integrity sha1-nZ55MWXOAXoA8AQYxD+UKnsdEfo=
  
  has-flag@^3.0.0:
    version "3.0.0"
    resolved "http://rnpm.hz.netease.com/has-flag/download/has-flag-3.0.0.tgz#b5d454dc2199ae225699f3467e5a07f3b955bafd"
    integrity sha1-tdRU3CGZriJWmfNGfloH87lVuv0=
  
  has-symbols@^1.0.0, has-symbols@^1.0.1:
    version "1.0.1"
    resolved "http://rnpm.hz.netease.com/has-symbols/download/has-symbols-1.0.1.tgz#9f5214758a44196c406d9bd76cebf81ec2dd31e8"
    integrity sha1-n1IUdYpEGWxAbZvXbOv4HsLdMeg=
  
  has@^1.0.3:
    version "1.0.3"
    resolved "http://rnpm.hz.netease.com/has/download/has-1.0.3.tgz#722d7cbfc1f6aa8241f16dd814e011e1f41e8796"
    integrity sha1-ci18v8H2qoJB8W3YFOAR4fQeh5Y=
    dependencies:
      function-bind "^1.1.1"
  
  hash-sum@^1.0.2:
    version "1.0.2"
    resolved "http://rnpm.hz.netease.com/hash-sum/download/hash-sum-1.0.2.tgz#33b40777754c6432573c120cc3808bbd10d47f04"
    integrity sha1-M7QHd3VMZDJXPBIMw4CLvRDUfwQ=
  
  he@^1.1.0:
    version "1.2.0"
    resolved "http://rnpm.hz.netease.com/he/download/he-1.2.0.tgz#84ae65fa7eafb165fddb61566ae14baf05664f0f"
    integrity sha1-hK5l+n6vsWX922FWauFLrwVmTw8=
  
  hosted-git-info@^2.1.4:
    version "2.8.8"
    resolved "http://rnpm.hz.netease.com/hosted-git-info/download/hosted-git-info-2.8.8.tgz#7539bd4bc1e0e0a895815a2e0262420b12858488"
    integrity sha1-dTm9S8Hg4KiVgVouAmJCCxKFhIg=
  
  http-signature@~1.2.0:
    version "1.2.0"
    resolved "http://rnpm.hz.netease.com/http-signature/download/http-signature-1.2.0.tgz#9aecd925114772f3d95b65a60abb8f7c18fbace1"
    integrity sha1-muzZJRFHcvPZW2WmCruPfBj7rOE=
    dependencies:
      assert-plus "^1.0.0"
      jsprim "^1.2.2"
      sshpk "^1.7.0"
  
  icss-replace-symbols@^1.0.2:
    version "1.1.0"
    resolved "http://rnpm.hz.netease.com/icss-replace-symbols/download/icss-replace-symbols-1.1.0.tgz#06ea6f83679a7749e386cfe1fe812ae5db223ded"
    integrity sha1-Bupvg2ead0njhs/h/oEq5dsiPe0=
  
  image-size@~0.5.0:
    version "0.5.5"
    resolved "http://rnpm.hz.netease.com/image-size/download/image-size-0.5.5.tgz#09dfd4ab9d20e29eb1c3e80b8990378df9e3cb9c"
    integrity sha1-Cd/Uq50g4p6xw+gLiZA3jfnjy5w=
  
  indexes-of@^1.0.1:
    version "1.0.1"
    resolved "http://rnpm.hz.netease.com/indexes-of/download/indexes-of-1.0.1.tgz#f30f716c8e2bd346c7b67d3df3915566a7c05607"
    integrity sha1-8w9xbI4r00bHtn0985FVZqfAVgc=
  
  inflight@^1.0.4:
    version "1.0.6"
    resolved "http://rnpm.hz.netease.com/inflight/download/inflight-1.0.6.tgz#49bd6331d7d02d0c09bc910a1075ba8165b56df9"
    integrity sha1-Sb1jMdfQLQwJvJEKEHW6gWW1bfk=
    dependencies:
      once "^1.3.0"
      wrappy "1"
  
  inherits@2, inherits@^2.0.3:
    version "2.0.4"
    resolved "http://rnpm.hz.netease.com/inherits/download/inherits-2.0.4.tgz#0fa2c64f932917c3433a0ded55363aae37416b7c"
    integrity sha1-D6LGT5MpF8NDOg3tVTY6rjdBa3w=
  
  is-arrayish@^0.2.1:
    version "0.2.1"
    resolved "http://rnpm.hz.netease.com/is-arrayish/download/is-arrayish-0.2.1.tgz#77c99840527aa8ecb1a8ba697b80645a7a926a9d"
    integrity sha1-d8mYQFJ6qOyxqLppe4BkWnqSap0=
  
  is-binary-path@~2.1.0:
    version "2.1.0"
    resolved "http://rnpm.hz.netease.com/is-binary-path/download/is-binary-path-2.1.0.tgz#ea1f7f3b80f064236e83470f86c09c254fb45b09"
    integrity sha1-6h9/O4DwZCNug0cPhsCcJU+0Wwk=
    dependencies:
      binary-extensions "^2.0.0"
  
  is-buffer@^1.1.5:
    version "1.1.6"
    resolved "http://rnpm.hz.netease.com/is-buffer/download/is-buffer-1.1.6.tgz#efaa2ea9daa0d7ab2ea13a97b2b8ad51fefbe8be"
    integrity sha1-76ouqdqg16suoTqXsritUf776L4=
  
  is-callable@^1.1.4, is-callable@^1.1.5:
    version "1.1.5"
    resolved "http://rnpm.hz.netease.com/is-callable/download/is-callable-1.1.5.tgz#f7e46b596890456db74e7f6e976cb3273d06faab"
    integrity sha1-9+RrWWiQRW23Tn9ul2yzJz0G+qs=
  
  is-date-object@^1.0.1:
    version "1.0.2"
    resolved "http://rnpm.hz.netease.com/is-date-object/download/is-date-object-1.0.2.tgz#bda736f2cd8fd06d32844e7743bfa7494c3bfd7e"
    integrity sha1-vac28s2P0G0yhE53Q7+nSUw7/X4=
  
  is-expression@^3.0.0:
    version "3.0.0"
    resolved "http://rnpm.hz.netease.com/is-expression/download/is-expression-3.0.0.tgz#39acaa6be7fd1f3471dc42c7416e61c24317ac9f"
    integrity sha1-Oayqa+f9HzRx3ELHQW5hwkMXrJ8=
    dependencies:
      acorn "~4.0.2"
      object-assign "^4.0.1"
  
  is-extglob@^2.1.1:
    version "2.1.1"
    resolved "http://rnpm.hz.netease.com/is-extglob/download/is-extglob-2.1.1.tgz#a88c02535791f02ed37c76a1b9ea9773c833f8c2"
    integrity sha1-qIwCU1eR8C7TfHahueqXc8gz+MI=
  
  is-glob@^4.0.1, is-glob@~4.0.1:
    version "4.0.1"
    resolved "http://rnpm.hz.netease.com/is-glob/download/is-glob-4.0.1.tgz#7567dbe9f2f5e2467bc77ab83c4a29482407a5dc"
    integrity sha1-dWfb6fL14kZ7x3q4PEopSCQHpdw=
    dependencies:
      is-extglob "^2.1.1"
  
  is-module@^1.0.0:
    version "1.0.0"
    resolved "http://rnpm.hz.netease.com/is-module/download/is-module-1.0.0.tgz#3258fb69f78c14d5b815d664336b4cffb6441591"
    integrity sha1-Mlj7afeMFNW4FdZkM2tM/7ZEFZE=
  
  is-number@^7.0.0:
    version "7.0.0"
    resolved "http://rnpm.hz.netease.com/is-number/download/is-number-7.0.0.tgz#7535345b896734d5f80c4d06c50955527a14f12b"
    integrity sha1-dTU0W4lnNNX4DE0GxQlVUnoU8Ss=
  
  is-promise@^2.0.0:
    version "2.1.0"
    resolved "http://rnpm.hz.netease.com/is-promise/download/is-promise-2.1.0.tgz#79a2a9ece7f096e80f36d2b2f3bc16c1ff4bf3fa"
    integrity sha1-eaKp7OfwlugPNtKy87wWwf9L8/o=
  
  is-reference@^1.1.2:
    version "1.1.4"
    resolved "http://rnpm.hz.netease.com/is-reference/download/is-reference-1.1.4.tgz#3f95849886ddb70256a3e6d062b1a68c13c51427"
    integrity sha1-P5WEmIbdtwJWo+bQYrGmjBPFFCc=
    dependencies:
      "@types/estree" "0.0.39"
  
  is-regex@^1.0.3, is-regex@^1.0.5:
    version "1.0.5"
    resolved "http://rnpm.hz.netease.com/is-regex/download/is-regex-1.0.5.tgz#39d589a358bf18967f726967120b8fc1aed74eae"
    integrity sha1-OdWJo1i/GJZ/cmlnEguPwa7XTq4=
    dependencies:
      has "^1.0.3"
  
  is-symbol@^1.0.2:
    version "1.0.3"
    resolved "http://rnpm.hz.netease.com/is-symbol/download/is-symbol-1.0.3.tgz#38e1014b9e6329be0de9d24a414fd7441ec61937"
    integrity sha1-OOEBS55jKb4N6dJKQU/XRB7GGTc=
    dependencies:
      has-symbols "^1.0.1"
  
  is-typedarray@~1.0.0:
    version "1.0.0"
    resolved "http://rnpm.hz.netease.com/is-typedarray/download/is-typedarray-1.0.0.tgz#e479c80858df0c1b11ddda6940f96011fcda4a9a"
    integrity sha1-5HnICFjfDBsR3dppQPlgEfzaSpo=
  
  isexe@^2.0.0:
    version "2.0.0"
    resolved "http://rnpm.hz.netease.com/isexe/download/isexe-2.0.0.tgz#e8fbf374dc556ff8947a10dcb0572d633f2cfa10"
    integrity sha1-6PvzdNxVb/iUehDcsFctYz8s+hA=
  
  isstream@~0.1.2:
    version "0.1.2"
    resolved "http://rnpm.hz.netease.com/isstream/download/isstream-0.1.2.tgz#47e63f7af55afa6f92e1500e690eb8b8529c099a"
    integrity sha1-R+Y/evVa+m+S4VAOaQ64uFKcCZo=
  
  js-base64@^2.1.9:
    version "2.5.2"
    resolved "http://rnpm.hz.netease.com/js-base64/download/js-base64-2.5.2.tgz#313b6274dda718f714d00b3330bbae6e38e90209"
    integrity sha1-MTtidN2nGPcU0AszMLuubjjpAgk=
  
  js-stringify@^1.0.1:
    version "1.0.2"
    resolved "http://rnpm.hz.netease.com/js-stringify/download/js-stringify-1.0.2.tgz#1736fddfd9724f28a3682adc6230ae7e4e9679db"
    integrity sha1-Fzb939lyTyijaCrcYjCufk6Weds=
  
  jsbn@~0.1.0:
    version "0.1.1"
    resolved "http://rnpm.hz.netease.com/jsbn/download/jsbn-0.1.1.tgz#a5e654c2e5a2deb5f201d96cefbca80c0ef2f513"
    integrity sha1-peZUwuWi3rXyAdls77yoDA7y9RM=
  
  jsesc@~0.5.0:
    version "0.5.0"
    resolved "http://rnpm.hz.netease.com/jsesc/download/jsesc-0.5.0.tgz#e7dee66e35d6fc16f710fe91d5cf69f70f08911d"
    integrity sha1-597mbjXW/Bb3EP6R1c9p9w8IkR0=
  
  json-parse-better-errors@^1.0.1:
    version "1.0.2"
    resolved "http://rnpm.hz.netease.com/json-parse-better-errors/download/json-parse-better-errors-1.0.2.tgz#bb867cfb3450e69107c131d1c514bab3dc8bcaa9"
    integrity sha1-u4Z8+zRQ5pEHwTHRxRS6s9yLyqk=
  
  json-schema-traverse@^0.4.1:
    version "0.4.1"
    resolved "http://rnpm.hz.netease.com/json-schema-traverse/download/json-schema-traverse-0.4.1.tgz#69f6a87d9513ab8bb8fe63bdb0979c448e684660"
    integrity sha1-afaofZUTq4u4/mO9sJecRI5oRmA=
  
  json-schema@0.2.3:
    version "0.2.3"
    resolved "http://rnpm.hz.netease.com/json-schema/download/json-schema-0.2.3.tgz#b480c892e59a2f05954ce727bd3f2a4e882f9e13"
    integrity sha1-tIDIkuWaLwWVTOcnvT8qTogvnhM=
  
  json-stringify-safe@~5.0.1:
    version "5.0.1"
    resolved "http://rnpm.hz.netease.com/json-stringify-safe/download/json-stringify-safe-5.0.1.tgz#1296a2d58fd45f19a0f6ce01d65701e2c735b6eb"
    integrity sha1-Epai1Y/UXxmg9s4B1lcB4sc1tus=
  
  json5@^0.5.0:
    version "0.5.1"
    resolved "http://rnpm.hz.netease.com/json5/download/json5-0.5.1.tgz#1eade7acc012034ad84e2396767ead9fa5495821"
    integrity sha1-Hq3nrMASA0rYTiOWdn6tn6VJWCE=
  
  jsonfile@^4.0.0:
    version "4.0.0"
    resolved "http://rnpm.hz.netease.com/jsonfile/download/jsonfile-4.0.0.tgz#8771aae0799b64076b76640fca058f9c10e33ecb"
    integrity sha1-h3Gq4HmbZAdrdmQPygWPnBDjPss=
    optionalDependencies:
      graceful-fs "^4.1.6"
  
  jsprim@^1.2.2:
    version "1.4.1"
    resolved "http://rnpm.hz.netease.com/jsprim/download/jsprim-1.4.1.tgz#313e66bc1e5cc06e438bc1b7499c2e5c56acb6a2"
    integrity sha1-MT5mvB5cwG5Di8G3SZwuXFastqI=
    dependencies:
      assert-plus "1.0.0"
      extsprintf "1.3.0"
      json-schema "0.2.3"
      verror "1.10.0"
  
  jstransformer@1.0.0:
    version "1.0.0"
    resolved "http://rnpm.hz.netease.com/jstransformer/download/jstransformer-1.0.0.tgz#ed8bf0921e2f3f1ed4d5c1a44f68709ed24722c3"
    integrity sha1-7Yvwkh4vPx7U1cGkT2hwntJHIsM=
    dependencies:
      is-promise "^2.0.0"
      promise "^7.0.1"
  
  kind-of@^3.0.2:
    version "3.2.2"
    resolved "http://rnpm.hz.netease.com/kind-of/download/kind-of-3.2.2.tgz#31ea21a734bab9bbb0f32466d893aea51e4a3c64"
    integrity sha1-MeohpzS6ubuw8yRm2JOupR5KPGQ=
    dependencies:
      is-buffer "^1.1.5"
  
  lazy-cache@^1.0.3:
    version "1.0.4"
    resolved "http://rnpm.hz.netease.com/lazy-cache/download/lazy-cache-1.0.4.tgz#a1d78fc3a50474cb80845d3b3b6e1da49a446e8e"
    integrity sha1-odePw6UEdMuAhF07O24dpJpEbo4=
  
  less@^3.9.0:
    version "3.11.1"
    resolved "http://rnpm.hz.netease.com/less/download/less-3.11.1.tgz#c6bf08e39e02404fe6b307a3dfffafdc55bd36e2"
    integrity sha1-xr8I454CQE/mswej3/+v3FW9NuI=
    dependencies:
      clone "^2.1.2"
      tslib "^1.10.0"
    optionalDependencies:
      errno "^0.1.1"
      graceful-fs "^4.1.2"
      image-size "~0.5.0"
      mime "^1.4.1"
      mkdirp "^0.5.0"
      promise "^7.1.1"
      request "^2.83.0"
      source-map "~0.6.0"
  
  load-json-file@^4.0.0:
    version "4.0.0"
    resolved "http://rnpm.hz.netease.com/load-json-file/download/load-json-file-4.0.0.tgz#2f5f45ab91e33216234fd53adab668eb4ec0993b"
    integrity sha1-L19Fq5HjMhYjT9U62rZo607AmTs=
    dependencies:
      graceful-fs "^4.1.2"
      parse-json "^4.0.0"
      pify "^3.0.0"
      strip-bom "^3.0.0"
  
  loader-utils@^0.2.16:
    version "0.2.17"
    resolved "http://rnpm.hz.netease.com/loader-utils/download/loader-utils-0.2.17.tgz#f86e6374d43205a6e6c60e9196f17c0299bfb348"
    integrity sha1-+G5jdNQyBabmxg6RlvF8Apm/s0g=
    dependencies:
      big.js "^3.1.3"
      emojis-list "^2.0.0"
      json5 "^0.5.0"
      object-assign "^4.0.1"
  
  locate-path@^5.0.0:
    version "5.0.0"
    resolved "http://rnpm.hz.netease.com/locate-path/download/locate-path-5.0.0.tgz#1afba396afd676a6d42504d0a67a3a7eb9f62aa0"
    integrity sha1-Gvujlq/WdqbUJQTQpno6frn2KqA=
    dependencies:
      p-locate "^4.1.0"
  
  lodash._reinterpolate@^3.0.0:
    version "3.0.0"
    resolved "http://rnpm.hz.netease.com/lodash._reinterpolate/download/lodash._reinterpolate-3.0.0.tgz#0ccf2d89166af03b3663c796538b75ac6e114d9d"
    integrity sha1-DM8tiRZq8Ds2Y8eWU4t1rG4RTZ0=
  
  lodash.template@^4.4.0:
    version "4.5.0"
    resolved "http://rnpm.hz.netease.com/lodash.template/download/lodash.template-4.5.0.tgz#f976195cf3f347d0d5f52483569fe8031ccce8ab"
    integrity sha1-+XYZXPPzR9DV9SSDVp/oAxzM6Ks=
    dependencies:
      lodash._reinterpolate "^3.0.0"
      lodash.templatesettings "^4.0.0"
  
  lodash.templatesettings@^4.0.0:
    version "4.2.0"
    resolved "http://rnpm.hz.netease.com/lodash.templatesettings/download/lodash.templatesettings-4.2.0.tgz#e481310f049d3cf6d47e912ad09313b154f0fb33"
    integrity sha1-5IExDwSdPPbUfpEq0JMTsVTw+zM=
    dependencies:
      lodash._reinterpolate "^3.0.0"
  
  lodash@^4.17.4:
    version "4.17.15"
    resolved "http://rnpm.hz.netease.com/lodash/download/lodash-4.17.15.tgz#b447f6670a0455bbfeedd11392eff330ea097548"
    integrity sha1-tEf2ZwoEVbv+7dETku/zMOoJdUg=
  
  longest@^1.0.1:
    version "1.0.1"
    resolved "http://rnpm.hz.netease.com/longest/download/longest-1.0.1.tgz#30a0b2da38f73770e8294a0d22e6625ed77d0097"
    integrity sha1-MKCy2jj3N3DoKUoNIuZiXtd9AJc=
  
  lru-cache@^4.1.2:
    version "4.1.5"
    resolved "http://rnpm.hz.netease.com/lru-cache/download/lru-cache-4.1.5.tgz#8bbe50ea85bed59bc9e33dcab8235ee9bcf443cd"
    integrity sha1-i75Q6oW+1ZvJ4z3KuCNe6bz0Q80=
    dependencies:
      pseudomap "^1.0.2"
      yallist "^2.1.2"
  
  magic-string@^0.25.2:
    version "0.25.7"
    resolved "http://rnpm.hz.netease.com/magic-string/download/magic-string-0.25.7.tgz#3f497d6fd34c669c6798dcb821f2ef31f5445051"
    integrity sha1-P0l9b9NMZpxnmNy4IfLvMfVEUFE=
    dependencies:
      sourcemap-codec "^1.4.4"
  
  make-dir@^3.0.2:
    version "3.0.2"
    resolved "http://rnpm.hz.netease.com/make-dir/download/make-dir-3.0.2.tgz#04a1acbf22221e1d6ef43559f43e05a90dbb4392"
    integrity sha1-BKGsvyIiHh1u9DVZ9D4FqQ27Q5I=
    dependencies:
      semver "^6.0.0"
  
  memorystream@^0.3.1:
    version "0.3.1"
    resolved "http://rnpm.hz.netease.com/memorystream/download/memorystream-0.3.1.tgz#86d7090b30ce455d63fbae12dda51a47ddcaf9b2"
    integrity sha1-htcJCzDORV1j+64S3aUaR93K+bI=
  
  merge-source-map@^1.1.0:
    version "1.1.0"
    resolved "http://rnpm.hz.netease.com/merge-source-map/download/merge-source-map-1.1.0.tgz#2fdde7e6020939f70906a68f2d7ae685e4c8c646"
    integrity sha1-L93n5gIJOfcJBqaPLXrmheTIxkY=
    dependencies:
      source-map "^0.6.1"
  
  micromatch@^4.0.2:
    version "4.0.2"
    resolved "http://rnpm.hz.netease.com/micromatch/download/micromatch-4.0.2.tgz#4fcb0999bf9fbc2fcbdd212f6d629b9a56c39259"
    integrity sha1-T8sJmb+fvC/L3SEvbWKbmlbDklk=
    dependencies:
      braces "^3.0.1"
      picomatch "^2.0.5"
  
  mime-db@1.43.0:
    version "1.43.0"
    resolved "http://rnpm.hz.netease.com/mime-db/download/mime-db-1.43.0.tgz#0a12e0502650e473d735535050e7c8f4eb4fae58"
    integrity sha1-ChLgUCZQ5HPXNVNQUOfI9OtPrlg=
  
  mime-types@^2.1.12, mime-types@~2.1.19:
    version "2.1.26"
    resolved "http://rnpm.hz.netease.com/mime-types/download/mime-types-2.1.26.tgz#9c921fc09b7e149a65dfdc0da4d20997200b0a06"
    integrity sha1-nJIfwJt+FJpl39wNpNIJlyALCgY=
    dependencies:
      mime-db "1.43.0"
  
  mime@^1.4.1:
    version "1.6.0"
    resolved "http://rnpm.hz.netease.com/mime/download/mime-1.6.0.tgz#32cd9e5c64553bd58d19a568af452acff04981b1"
    integrity sha1-Ms2eXGRVO9WNGaVor0Uqz/BJgbE=
  
  minimatch@^3.0.4:
    version "3.0.4"
    resolved "http://rnpm.hz.netease.com/minimatch/download/minimatch-3.0.4.tgz#5166e286457f03306064be5497e8dbb0c3d32083"
    integrity sha1-UWbihkV/AzBgZL5Ul+jbsMPTIIM=
    dependencies:
      brace-expansion "^1.1.7"
  
  minimist@^1.2.5:
    version "1.2.5"
    resolved "http://rnpm.hz.netease.com/minimist/download/minimist-1.2.5.tgz#67d66014b66a6a8aaa0c083c5fd58df4e4e97602"
    integrity sha1-Z9ZgFLZqaoqqDAg8X9WN9OTpdgI=
  
  mkdirp@^0.5.0, mkdirp@~0.5.x:
    version "0.5.5"
    resolved "http://rnpm.hz.netease.com/mkdirp/download/mkdirp-0.5.5.tgz#d91cefd62d1436ca0f41620e251288d420099def"
    integrity sha1-2Rzv1i0UNsoPQWIOJRKI1CAJne8=
    dependencies:
      minimist "^1.2.5"
  
  ms@2.0.0:
    version "2.0.0"
    resolved "http://rnpm.hz.netease.com/ms/download/ms-2.0.0.tgz#5608aeadfc00be6c2901df5f9861788de0d597c8"
    integrity sha1-VgiurfwAvmwpAd9fmGF4jeDVl8g=
  
  ms@^2.1.1:
    version "2.1.2"
    resolved "http://rnpm.hz.netease.com/ms/download/ms-2.1.2.tgz#d09d1f357b443f493382a8eb3ccd183872ae6009"
    integrity sha1-0J0fNXtEP0kzgqjrPM0YOHKuYAk=
  
  nice-try@^1.0.4:
    version "1.0.5"
    resolved "http://rnpm.hz.netease.com/nice-try/download/nice-try-1.0.5.tgz#a3378a7696ce7d223e88fc9b764bd7ef1089e366"
    integrity sha1-ozeKdpbOfSI+iPybdkvX7xCJ42Y=
  
  normalize-package-data@^2.3.2:
    version "2.5.0"
    resolved "http://rnpm.hz.netease.com/normalize-package-data/download/normalize-package-data-2.5.0.tgz#e66db1838b200c1dfc233225d12cb36520e234a8"
    integrity sha1-5m2xg4sgDB38IzIl0SyzZSDiNKg=
    dependencies:
      hosted-git-info "^2.1.4"
      resolve "^1.10.0"
      semver "2 || 3 || 4 || 5"
      validate-npm-package-license "^3.0.1"
  
  normalize-path@^3.0.0, normalize-path@~3.0.0:
    version "3.0.0"
    resolved "http://rnpm.hz.netease.com/normalize-path/download/normalize-path-3.0.0.tgz#0dcd69ff23a1c9b11fd0978316644a0388216a65"
    integrity sha1-Dc1p/yOhybEf0JeDFmRKA4ghamU=
  
  npm-run-all@^4.1.5:
    version "4.1.5"
    resolved "http://rnpm.hz.netease.com/npm-run-all/download/npm-run-all-4.1.5.tgz#04476202a15ee0e2e214080861bff12a51d98fba"
    integrity sha1-BEdiAqFe4OLiFAgIYb/xKlHZj7o=
    dependencies:
      ansi-styles "^3.2.1"
      chalk "^2.4.1"
      cross-spawn "^6.0.5"
      memorystream "^0.3.1"
      minimatch "^3.0.4"
      pidtree "^0.3.0"
      read-pkg "^3.0.0"
      shell-quote "^1.6.1"
      string.prototype.padend "^3.0.0"
  
  oauth-sign@~0.9.0:
    version "0.9.0"
    resolved "http://rnpm.hz.netease.com/oauth-sign/download/oauth-sign-0.9.0.tgz#47a7b016baa68b5fa0ecf3dee08a85c679ac6455"
    integrity sha1-R6ewFrqmi1+g7PPe4IqFxnmsZFU=
  
  object-assign@^4.0.1, object-assign@^4.1.0:
    version "4.1.1"
    resolved "http://rnpm.hz.netease.com/object-assign/download/object-assign-4.1.1.tgz#2109adc7965887cfc05cbbd442cac8bfbb360863"
    integrity sha1-IQmtx5ZYh8/AXLvUQsrIv7s2CGM=
  
  object-inspect@^1.7.0:
    version "1.7.0"
    resolved "http://rnpm.hz.netease.com/object-inspect/download/object-inspect-1.7.0.tgz#f4f6bd181ad77f006b5ece60bd0b6f398ff74a67"
    integrity sha1-9Pa9GBrXfwBrXs5gvQtvOY/3Smc=
  
  object-keys@^1.0.11, object-keys@^1.0.12, object-keys@^1.1.1:
    version "1.1.1"
    resolved "http://rnpm.hz.netease.com/object-keys/download/object-keys-1.1.1.tgz#1c47f272df277f3b1daf061677d9c82e2322c60e"
    integrity sha1-HEfyct8nfzsdrwYWd9nILiMixg4=
  
  object.assign@^4.1.0:
    version "4.1.0"
    resolved "http://rnpm.hz.netease.com/object.assign/download/object.assign-4.1.0.tgz#968bf1100d7956bb3ca086f006f846b3bc4008da"
    integrity sha1-lovxEA15Vrs8oIbwBvhGs7xACNo=
    dependencies:
      define-properties "^1.1.2"
      function-bind "^1.1.1"
      has-symbols "^1.0.0"
      object-keys "^1.0.11"
  
  once@^1.3.0:
    version "1.4.0"
    resolved "http://rnpm.hz.netease.com/once/download/once-1.4.0.tgz#583b1aa775961d4b113ac17d9c50baef9dd76bd1"
    integrity sha1-WDsap3WWHUsROsF9nFC6753Xa9E=
    dependencies:
      wrappy "1"
  
  p-limit@^2.2.0:
    version "2.3.0"
    resolved "http://rnpm.hz.netease.com/p-limit/download/p-limit-2.3.0.tgz#3dd33c647a214fdfffd835933eb086da0dc21db1"
    integrity sha1-PdM8ZHohT9//2DWTPrCG2g3CHbE=
    dependencies:
      p-try "^2.0.0"
  
  p-locate@^4.1.0:
    version "4.1.0"
    resolved "http://rnpm.hz.netease.com/p-locate/download/p-locate-4.1.0.tgz#a3428bb7088b3a60292f66919278b7c297ad4f07"
    integrity sha1-o0KLtwiLOmApL2aRkni3wpetTwc=
    dependencies:
      p-limit "^2.2.0"
  
  p-try@^2.0.0:
    version "2.2.0"
    resolved "http://rnpm.hz.netease.com/p-try/download/p-try-2.2.0.tgz#cb2868540e313d61de58fafbe35ce9004d5540e6"
    integrity sha1-yyhoVA4xPWHeWPr741zpAE1VQOY=
  
  parse-json@^4.0.0:
    version "4.0.0"
    resolved "http://rnpm.hz.netease.com/parse-json/download/parse-json-4.0.0.tgz#be35f5425be1f7f6c747184f98a788cb99477ee0"
    integrity sha1-vjX1Qlvh9/bHRxhPmKeIy5lHfuA=
    dependencies:
      error-ex "^1.3.1"
      json-parse-better-errors "^1.0.1"
  
  path-exists@^4.0.0:
    version "4.0.0"
    resolved "http://rnpm.hz.netease.com/path-exists/download/path-exists-4.0.0.tgz#513bdbe2d3b95d7762e8c1137efa195c6c61b5b3"
    integrity sha1-UTvb4tO5XXdi6METfvoZXGxhtbM=
  
  path-is-absolute@^1.0.0:
    version "1.0.1"
    resolved "http://rnpm.hz.netease.com/path-is-absolute/download/path-is-absolute-1.0.1.tgz#174b9268735534ffbc7ace6bf53a5a9e1b5c5f5f"
    integrity sha1-F0uSaHNVNP+8es5r9TpanhtcX18=
  
  path-key@^2.0.1:
    version "2.0.1"
    resolved "http://rnpm.hz.netease.com/path-key/download/path-key-2.0.1.tgz#411cadb574c5a140d3a4b1910d40d80cc9f40b40"
    integrity sha1-QRyttXTFoUDTpLGRDUDYDMn0C0A=
  
  path-parse@^1.0.6:
    version "1.0.6"
    resolved "http://rnpm.hz.netease.com/path-parse/download/path-parse-1.0.6.tgz#d62dbb5679405d72c4737ec58600e9ddcf06d24c"
    integrity sha1-1i27VnlAXXLEc37FhgDp3c8G0kw=
  
  path-type@^3.0.0:
    version "3.0.0"
    resolved "http://rnpm.hz.netease.com/path-type/download/path-type-3.0.0.tgz#cef31dc8e0a1a3bb0d105c0cd97cf3bf47f4e36f"
    integrity sha1-zvMdyOCho7sNEFwM2Xzzv0f0428=
    dependencies:
      pify "^3.0.0"
  
  performance-now@^2.1.0:
    version "2.1.0"
    resolved "http://rnpm.hz.netease.com/performance-now/download/performance-now-2.1.0.tgz#6309f4e0e5fa913ec1c69307ae364b4b377c9e7b"
    integrity sha1-Ywn04OX6kT7BxpMHrjZLSzd8nns=
  
  picomatch@^2.0.4, picomatch@^2.0.5, picomatch@^2.0.7:
    version "2.2.2"
    resolved "http://rnpm.hz.netease.com/picomatch/download/picomatch-2.2.2.tgz#21f333e9b6b8eaff02468f5146ea406d345f4dad"
    integrity sha1-IfMz6ba46v8CRo9RRupAbTRfTa0=
  
  pidtree@^0.3.0:
    version "0.3.1"
    resolved "http://rnpm.hz.netease.com/pidtree/download/pidtree-0.3.1.tgz#ef09ac2cc0533df1f3250ccf2c4d366b0d12114a"
    integrity sha1-7wmsLMBTPfHzJQzPLE02aw0SEUo=
  
  pify@^3.0.0:
    version "3.0.0"
    resolved "http://rnpm.hz.netease.com/pify/download/pify-3.0.0.tgz#e5a4acd2c101fdf3d9a4d07f0dbc4db49dd28176"
    integrity sha1-5aSs0sEB/fPZpNB/DbxNtJ3SgXY=
  
  pkg-dir@^4.1.0:
    version "4.2.0"
    resolved "http://rnpm.hz.netease.com/pkg-dir/download/pkg-dir-4.2.0.tgz#f099133df7ede422e81d1d8448270eeb3e4261f3"
    integrity sha1-8JkTPfft5CLoHR2ESCcO6z5CYfM=
    dependencies:
      find-up "^4.0.0"
  
  postcss-modules-local-by-default@^1.1.1:
    version "1.2.0"
    resolved "http://rnpm.hz.netease.com/postcss-modules-local-by-default/download/postcss-modules-local-by-default-1.2.0.tgz#f7d80c398c5a393fa7964466bd19500a7d61c069"
    integrity sha1-99gMOYxaOT+nlkRmvRlQCn1hwGk=
    dependencies:
      css-selector-tokenizer "^0.7.0"
      postcss "^6.0.1"
  
  postcss-modules-scope@^1.0.2:
    version "1.1.0"
    resolved "http://rnpm.hz.netease.com/postcss-modules-scope/download/postcss-modules-scope-1.1.0.tgz#d6ea64994c79f97b62a72b426fbe6056a194bb90"
    integrity sha1-1upkmUx5+XtipytCb75gVqGUu5A=
    dependencies:
      css-selector-tokenizer "^0.7.0"
      postcss "^6.0.1"
  
  postcss-modules-sync@^1.0.0:
    version "1.0.0"
    resolved "http://rnpm.hz.netease.com/postcss-modules-sync/download/postcss-modules-sync-1.0.0.tgz#619a719cf78dd16a4834135140b324cf77334be1"
    integrity sha1-YZpxnPeN0WpINBNRQLMkz3czS+E=
    dependencies:
      generic-names "^1.0.2"
      icss-replace-symbols "^1.0.2"
      postcss "^5.2.5"
      postcss-modules-local-by-default "^1.1.1"
      postcss-modules-scope "^1.0.2"
      string-hash "^1.1.0"
  
  postcss-selector-parser@^6.0.2:
    version "6.0.2"
    resolved "http://rnpm.hz.netease.com/postcss-selector-parser/download/postcss-selector-parser-6.0.2.tgz#934cf799d016c83411859e09dcecade01286ec5c"
    integrity sha1-k0z3mdAWyDQRhZ4J3Oyt4BKG7Fw=
    dependencies:
      cssesc "^3.0.0"
      indexes-of "^1.0.1"
      uniq "^1.0.1"
  
  postcss@^5.2.5:
    version "5.2.18"
    resolved "http://rnpm.hz.netease.com/postcss/download/postcss-5.2.18.tgz#badfa1497d46244f6390f58b319830d9107853c5"
    integrity sha1-ut+hSX1GJE9jkPWLMZgw2RB4U8U=
    dependencies:
      chalk "^1.1.3"
      js-base64 "^2.1.9"
      source-map "^0.5.6"
      supports-color "^3.2.3"
  
  postcss@^6.0.1:
    version "6.0.23"
    resolved "http://rnpm.hz.netease.com/postcss/download/postcss-6.0.23.tgz#61c82cc328ac60e677645f979054eb98bc0e3324"
    integrity sha1-YcgswyisYOZ3ZF+XkFTrmLwOMyQ=
    dependencies:
      chalk "^2.4.1"
      source-map "^0.6.1"
      supports-color "^5.4.0"
  
  postcss@^7.0.14:
    version "7.0.27"
    resolved "http://rnpm.hz.netease.com/postcss/download/postcss-7.0.27.tgz#cc67cdc6b0daa375105b7c424a85567345fc54d9"
    integrity sha1-zGfNxrDao3UQW3xCSoVWc0X8VNk=
    dependencies:
      chalk "^2.4.2"
      source-map "^0.6.1"
      supports-color "^6.1.0"
  
  prettier@^1.18.2:
    version "1.19.1"
    resolved "http://rnpm.hz.netease.com/prettier/download/prettier-1.19.1.tgz#f7d7f5ff8a9cd872a7be4ca142095956a60797cb"
    integrity sha1-99f1/4qc2HKnvkyhQglZVqYHl8s=
  
  promise@^7.0.1, promise@^7.1.1:
    version "7.3.1"
    resolved "http://rnpm.hz.netease.com/promise/download/promise-7.3.1.tgz#064b72602b18f90f29192b8b1bc418ffd1ebd3bf"
    integrity sha1-BktyYCsY+Q8pGSuLG8QY/9Hr078=
    dependencies:
      asap "~2.0.3"
  
  prr@~1.0.1:
    version "1.0.1"
    resolved "http://rnpm.hz.netease.com/prr/download/prr-1.0.1.tgz#d3fc114ba06995a45ec6893f484ceb1d78f5f476"
    integrity sha1-0/wRS6BplaRexok/SEzrHXj19HY=
  
  pseudomap@^1.0.2:
    version "1.0.2"
    resolved "http://rnpm.hz.netease.com/pseudomap/download/pseudomap-1.0.2.tgz#f052a28da70e618917ef0a8ac34c1ae5a68286b3"
    integrity sha1-8FKijacOYYkX7wqKw0wa5aaChrM=
  
  psl@^1.1.28:
    version "1.8.0"
    resolved "http://rnpm.hz.netease.com/psl/download/psl-1.8.0.tgz#9326f8bcfb013adcc005fdff056acce020e51c24"
    integrity sha1-kyb4vPsBOtzABf3/BWrM4CDlHCQ=
  
  pug-attrs@^2.0.4:
    version "2.0.4"
    resolved "http://rnpm.hz.netease.com/pug-attrs/download/pug-attrs-2.0.4.tgz#b2f44c439e4eb4ad5d4ef25cac20d18ad28cc336"
    integrity sha1-svRMQ55OtK1dTvJcrCDRitKMwzY=
    dependencies:
      constantinople "^3.0.1"
      js-stringify "^1.0.1"
      pug-runtime "^2.0.5"
  
  pug-code-gen@^2.0.2:
    version "2.0.2"
    resolved "http://rnpm.hz.netease.com/pug-code-gen/download/pug-code-gen-2.0.2.tgz#ad0967162aea077dcf787838d94ed14acb0217c2"
    integrity sha1-rQlnFirqB33PeHg42U7RSssCF8I=
    dependencies:
      constantinople "^3.1.2"
      doctypes "^1.1.0"
      js-stringify "^1.0.1"
      pug-attrs "^2.0.4"
      pug-error "^1.3.3"
      pug-runtime "^2.0.5"
      void-elements "^2.0.1"
      with "^5.0.0"
  
  pug-error@^1.3.3:
    version "1.3.3"
    resolved "http://rnpm.hz.netease.com/pug-error/download/pug-error-1.3.3.tgz#f342fb008752d58034c185de03602dd9ffe15fa6"
    integrity sha1-80L7AIdS1YA0wYXeA2At2f/hX6Y=
  
  pug-filters@^3.1.1:
    version "3.1.1"
    resolved "http://rnpm.hz.netease.com/pug-filters/download/pug-filters-3.1.1.tgz#ab2cc82db9eeccf578bda89130e252a0db026aa7"
    integrity sha1-qyzILbnuzPV4vaiRMOJSoNsCaqc=
    dependencies:
      clean-css "^4.1.11"
      constantinople "^3.0.1"
      jstransformer "1.0.0"
      pug-error "^1.3.3"
      pug-walk "^1.1.8"
      resolve "^1.1.6"
      uglify-js "^2.6.1"
  
  pug-lexer@^4.1.0:
    version "4.1.0"
    resolved "http://rnpm.hz.netease.com/pug-lexer/download/pug-lexer-4.1.0.tgz#531cde48c7c0b1fcbbc2b85485c8665e31489cfd"
    integrity sha1-UxzeSMfAsfy7wrhUhchmXjFInP0=
    dependencies:
      character-parser "^2.1.1"
      is-expression "^3.0.0"
      pug-error "^1.3.3"
  
  pug-linker@^3.0.6:
    version "3.0.6"
    resolved "http://rnpm.hz.netease.com/pug-linker/download/pug-linker-3.0.6.tgz#f5bf218b0efd65ce6670f7afc51658d0f82989fb"
    integrity sha1-9b8hiw79Zc5mcPevxRZY0Pgpifs=
    dependencies:
      pug-error "^1.3.3"
      pug-walk "^1.1.8"
  
  pug-load@^2.0.12:
    version "2.0.12"
    resolved "http://rnpm.hz.netease.com/pug-load/download/pug-load-2.0.12.tgz#d38c85eb85f6e2f704dea14dcca94144d35d3e7b"
    integrity sha1-04yF64X24vcE3qFNzKlBRNNdPns=
    dependencies:
      object-assign "^4.1.0"
      pug-walk "^1.1.8"
  
  pug-parser@^5.0.1:
    version "5.0.1"
    resolved "http://rnpm.hz.netease.com/pug-parser/download/pug-parser-5.0.1.tgz#03e7ada48b6840bd3822f867d7d90f842d0ffdc9"
    integrity sha1-A+etpItoQL04Ivhn19kPhC0P/ck=
    dependencies:
      pug-error "^1.3.3"
      token-stream "0.0.1"
  
  pug-runtime@^2.0.5:
    version "2.0.5"
    resolved "http://rnpm.hz.netease.com/pug-runtime/download/pug-runtime-2.0.5.tgz#6da7976c36bf22f68e733c359240d8ae7a32953a"
    integrity sha1-baeXbDa/IvaOczw1kkDYrnoylTo=
  
  pug-strip-comments@^1.0.4:
    version "1.0.4"
    resolved "http://rnpm.hz.netease.com/pug-strip-comments/download/pug-strip-comments-1.0.4.tgz#cc1b6de1f6e8f5931cf02ec66cdffd3f50eaf8a8"
    integrity sha1-zBtt4fbo9ZMc8C7GbN/9P1Dq+Kg=
    dependencies:
      pug-error "^1.3.3"
  
  pug-walk@^1.1.8:
    version "1.1.8"
    resolved "http://rnpm.hz.netease.com/pug-walk/download/pug-walk-1.1.8.tgz#b408f67f27912f8c21da2f45b7230c4bd2a5ea7a"
    integrity sha1-tAj2fyeRL4wh2i9FtyMMS9Kl6no=
  
  pug@^2.0.3:
    version "2.0.4"
    resolved "http://rnpm.hz.netease.com/pug/download/pug-2.0.4.tgz#ee7682ec0a60494b38d48a88f05f3b0ac931377d"
    integrity sha1-7naC7ApgSUs41IqI8F87CskxN30=
    dependencies:
      pug-code-gen "^2.0.2"
      pug-filters "^3.1.1"
      pug-lexer "^4.1.0"
      pug-linker "^3.0.6"
      pug-load "^2.0.12"
      pug-parser "^5.0.1"
      pug-runtime "^2.0.5"
      pug-strip-comments "^1.0.4"
  
  punycode@^2.1.0, punycode@^2.1.1:
    version "2.1.1"
    resolved "http://rnpm.hz.netease.com/punycode/download/punycode-2.1.1.tgz#b58b010ac40c22c5657616c8d2c2c02c7bf479ec"
    integrity sha1-tYsBCsQMIsVldhbI0sLALHv0eew=
  
  qs@~6.5.2:
    version "6.5.2"
    resolved "http://rnpm.hz.netease.com/qs/download/qs-6.5.2.tgz#cb3ae806e8740444584ef154ce8ee98d403f3e36"
    integrity sha1-yzroBuh0BERYTvFUzo7pjUA/PjY=
  
  querystring@^0.2.0:
    version "0.2.0"
    resolved "http://rnpm.hz.netease.com/querystring/download/querystring-0.2.0.tgz#b209849203bb25df820da756e747005878521620"
    integrity sha1-sgmEkgO7Jd+CDadW50cAWHhSFiA=
  
  read-pkg@^3.0.0:
    version "3.0.0"
    resolved "http://rnpm.hz.netease.com/read-pkg/download/read-pkg-3.0.0.tgz#9cbc686978fee65d16c00e2b19c237fcf6e38389"
    integrity sha1-nLxoaXj+5l0WwA4rGcI3/Pbjg4k=
    dependencies:
      load-json-file "^4.0.0"
      normalize-package-data "^2.3.2"
      path-type "^3.0.0"
  
  readdirp@~3.3.0:
    version "3.3.0"
    resolved "http://rnpm.hz.netease.com/readdirp/download/readdirp-3.3.0.tgz#984458d13a1e42e2e9f5841b129e162f369aff17"
    integrity sha1-mERY0ToeQuLp9YQbEp4WLzaa/xc=
    dependencies:
      picomatch "^2.0.7"
  
  regenerate-unicode-properties@^8.2.0:
    version "8.2.0"
    resolved "http://rnpm.hz.netease.com/regenerate-unicode-properties/download/regenerate-unicode-properties-8.2.0.tgz#e5de7111d655e7ba60c057dbe9ff37c87e65cdec"
    integrity sha1-5d5xEdZV57pgwFfb6f83yH5lzew=
    dependencies:
      regenerate "^1.4.0"
  
  regenerate@^1.4.0:
    version "1.4.0"
    resolved "http://rnpm.hz.netease.com/regenerate/download/regenerate-1.4.0.tgz#4a856ec4b56e4077c557589cae85e7a4c8869a11"
    integrity sha1-SoVuxLVuQHfFV1icroXnpMiGmhE=
  
  regenerator-runtime@^0.11.0:
    version "0.11.1"
    resolved "http://rnpm.hz.netease.com/regenerator-runtime/download/regenerator-runtime-0.11.1.tgz#be05ad7f9bf7d22e056f9726cee5017fbf19e2e9"
    integrity sha1-vgWtf5v30i4Fb5cmzuUBf78Z4uk=
  
  regexpu-core@^4.6.0:
    version "4.7.0"
    resolved "http://rnpm.hz.netease.com/regexpu-core/download/regexpu-core-4.7.0.tgz#fcbf458c50431b0bb7b45d6967b8192d91f3d938"
    integrity sha1-/L9FjFBDGwu3tF1pZ7gZLZHz2Tg=
    dependencies:
      regenerate "^1.4.0"
      regenerate-unicode-properties "^8.2.0"
      regjsgen "^0.5.1"
      regjsparser "^0.6.4"
      unicode-match-property-ecmascript "^1.0.4"
      unicode-match-property-value-ecmascript "^1.2.0"
  
  regjsgen@^0.5.1:
    version "0.5.1"
    resolved "http://rnpm.hz.netease.com/regjsgen/download/regjsgen-0.5.1.tgz#48f0bf1a5ea205196929c0d9798b42d1ed98443c"
    integrity sha1-SPC/Gl6iBRlpKcDZeYtC0e2YRDw=
  
  regjsparser@^0.6.4:
    version "0.6.4"
    resolved "http://rnpm.hz.netease.com/regjsparser/download/regjsparser-0.6.4.tgz#a769f8684308401a66e9b529d2436ff4d0666272"
    integrity sha1-p2n4aEMIQBpm6bUp0kNv9NBmYnI=
    dependencies:
      jsesc "~0.5.0"
  
  repeat-string@^1.5.2:
    version "1.6.1"
    resolved "http://rnpm.hz.netease.com/repeat-string/download/repeat-string-1.6.1.tgz#8dcae470e1c88abc2d600fff4a776286da75e637"
    integrity sha1-jcrkcOHIirwtYA//Sndihtp15jc=
  
  request@^2.83.0:
    version "2.88.2"
    resolved "http://rnpm.hz.netease.com/request/download/request-2.88.2.tgz#d73c918731cb5a87da047e207234146f664d12b3"
    integrity sha1-1zyRhzHLWofaBH4gcjQUb2ZNErM=
    dependencies:
      aws-sign2 "~0.7.0"
      aws4 "^1.8.0"
      caseless "~0.12.0"
      combined-stream "~1.0.6"
      extend "~3.0.2"
      forever-agent "~0.6.1"
      form-data "~2.3.2"
      har-validator "~5.1.3"
      http-signature "~1.2.0"
      is-typedarray "~1.0.0"
      isstream "~0.1.2"
      json-stringify-safe "~5.0.1"
      mime-types "~2.1.19"
      oauth-sign "~0.9.0"
      performance-now "^2.1.0"
      qs "~6.5.2"
      safe-buffer "^5.1.2"
      tough-cookie "~2.5.0"
      tunnel-agent "^0.6.0"
      uuid "^3.3.2"
  
  resolve-url@^0.2.1:
    version "0.2.1"
    resolved "http://rnpm.hz.netease.com/resolve-url/download/resolve-url-0.2.1.tgz#2c637fe77c893afd2a663fe21aa9080068e2052a"
    integrity sha1-LGN/53yJOv0qZj/iGqkIAGjiBSo=
  
  resolve@1.15.1, resolve@^1.1.6, resolve@^1.10.0, resolve@^1.11.0, resolve@^1.14.2:
    version "1.15.1"
    resolved "http://rnpm.hz.netease.com/resolve/download/resolve-1.15.1.tgz#27bdcdeffeaf2d6244b95bb0f9f4b4653451f3e8"
    integrity sha1-J73N7/6vLWJEuVuw+fS0ZTRR8+g=
    dependencies:
      path-parse "^1.0.6"
  
  right-align@^0.1.1:
    version "0.1.3"
    resolved "http://rnpm.hz.netease.com/right-align/download/right-align-0.1.3.tgz#61339b722fe6a3515689210d24e14c96148613ef"
    integrity sha1-YTObci/mo1FWiSENJOFMlhSGE+8=
    dependencies:
      align-text "^0.1.1"
  
  rimraf@^3.0.2:
    version "3.0.2"
    resolved "http://rnpm.hz.netease.com/rimraf/download/rimraf-3.0.2.tgz#f1a5402ba6220ad52cc1282bac1ae3aa49fd061a"
    integrity sha1-8aVAK6YiCtUswSgrrBrjqkn9Bho=
    dependencies:
      glob "^7.1.3"
  
  rollup-plugin-banner@^0.2.1:
    version "0.2.1"
    resolved "http://rnpm.hz.netease.com/rollup-plugin-banner/download/rollup-plugin-banner-0.2.1.tgz#f62f26c468530ecea16263da83175079625f9c6f"
    integrity sha1-9i8mxGhTDs6hYmPagxdQeWJfnG8=
    dependencies:
      lodash.template "^4.4.0"
  
  rollup-plugin-commonjs@^10.1.0:
    version "10.1.0"
    resolved "http://rnpm.hz.netease.com/rollup-plugin-commonjs/download/rollup-plugin-commonjs-10.1.0.tgz#417af3b54503878e084d127adf4d1caf8beb86fb"
    integrity sha1-QXrztUUDh44ITRJ6300cr4vrhvs=
    dependencies:
      estree-walker "^0.6.1"
      is-reference "^1.1.2"
      magic-string "^0.25.2"
      resolve "^1.11.0"
      rollup-pluginutils "^2.8.1"
  
  rollup-plugin-typescript2@^0.27.0:
    version "0.27.0"
    resolved "http://rnpm.hz.netease.com/rollup-plugin-typescript2/download/rollup-plugin-typescript2-0.27.0.tgz#95ff96f9e07d5000a9d2df4d76b548f9a1f83511"
    integrity sha1-lf+W+eB9UACp0t9NdrVI+aH4NRE=
    dependencies:
      "@rollup/pluginutils" "^3.0.8"
      find-cache-dir "^3.3.1"
      fs-extra "8.1.0"
      resolve "1.15.1"
      tslib "1.11.1"
  
  rollup-plugin-vue@^5.1.6:
    version "5.1.6"
    resolved "http://rnpm.hz.netease.com/rollup-plugin-vue/download/rollup-plugin-vue-5.1.6.tgz#c0b31de919ff1aad36f3277957ac90345e897c23"
    integrity sha1-wLMd6Rn/Gq028yd5V6yQNF6JfCM=
    dependencies:
      "@vue/component-compiler" "^4.1.0"
      "@vue/component-compiler-utils" "^3.0.0"
      debug "^4.1.1"
      hash-sum "^1.0.2"
      magic-string "^0.25.2"
      querystring "^0.2.0"
      rollup-pluginutils "^2.4.1"
      source-map "0.7.3"
      vue-runtime-helpers "^1.1.1"
  
  rollup-pluginutils@^2.4.1, rollup-pluginutils@^2.8.1:
    version "2.8.2"
    resolved "http://rnpm.hz.netease.com/rollup-pluginutils/download/rollup-pluginutils-2.8.2.tgz#72f2af0748b592364dbd3389e600e5a9444a351e"
    integrity sha1-cvKvB0i1kjZNvTOJ5gDlqURKNR4=
    dependencies:
      estree-walker "^0.6.1"
  
  rollup@^2.6.1:
    version "2.6.1"
    resolved "http://rnpm.hz.netease.com/rollup/download/rollup-2.6.1.tgz#8354e67caa7b8bf24c2488d9e2f64da2be62eebe"
    integrity sha1-g1TmfKp7i/JMJIjZ4vZNor5i7r4=
    optionalDependencies:
      fsevents "~2.1.2"
  
  safe-buffer@^5.0.1, safe-buffer@^5.1.2:
    version "5.2.0"
    resolved "http://rnpm.hz.netease.com/safe-buffer/download/safe-buffer-5.2.0.tgz#b74daec49b1148f88c64b68d49b1e815c1f2f519"
    integrity sha1-t02uxJsRSPiMZLaNSbHoFcHy9Rk=
  
  safer-buffer@^2.0.2, safer-buffer@^2.1.0, safer-buffer@^2.1.2, safer-buffer@~2.1.0:
    version "2.1.2"
    resolved "http://rnpm.hz.netease.com/safer-buffer/download/safer-buffer-2.1.2.tgz#44fa161b0187b9549dd84bb91802f9bd8385cd6a"
    integrity sha1-RPoWGwGHuVSd2Eu5GAL5vYOFzWo=
  
  sass@^1.18.0:
    version "1.26.3"
    resolved "http://rnpm.hz.netease.com/sass/download/sass-1.26.3.tgz#412df54486143b76b5a65cdf7569e86f44659f46"
    integrity sha1-QS31RIYUO3a1plzfdWnob0Rln0Y=
    dependencies:
      chokidar ">=2.0.0 <4.0.0"
  
  sax@~1.2.4:
    version "1.2.4"
    resolved "http://rnpm.hz.netease.com/sax/download/sax-1.2.4.tgz#2816234e2378bddc4e5354fab5caa895df7100d9"
    integrity sha1-KBYjTiN4vdxOU1T6tcqold9xANk=
  
  "semver@2 || 3 || 4 || 5", semver@^5.5.0:
    version "5.7.1"
    resolved "http://rnpm.hz.netease.com/semver/download/semver-5.7.1.tgz#a954f931aeba508d307bbf069eff0c01c96116f7"
    integrity sha1-qVT5Ma66UI0we78Gnv8MAclhFvc=
  
  semver@^6.0.0:
    version "6.3.0"
    resolved "http://rnpm.hz.netease.com/semver/download/semver-6.3.0.tgz#ee0a64c8af5e8ceea67687b133761e1becbd1d3d"
    integrity sha1-7gpkyK9ejO6mdoexM3YeG+y9HT0=
  
  shebang-command@^1.2.0:
    version "1.2.0"
    resolved "http://rnpm.hz.netease.com/shebang-command/download/shebang-command-1.2.0.tgz#44aac65b695b03398968c39f363fee5deafdf1ea"
    integrity sha1-RKrGW2lbAzmJaMOfNj/uXer98eo=
    dependencies:
      shebang-regex "^1.0.0"
  
  shebang-regex@^1.0.0:
    version "1.0.0"
    resolved "http://rnpm.hz.netease.com/shebang-regex/download/shebang-regex-1.0.0.tgz#da42f49740c0b42db2ca9728571cb190c98efea3"
    integrity sha1-2kL0l0DAtC2yypcoVxyxkMmO/qM=
  
  shell-quote@^1.6.1:
    version "1.7.2"
    resolved "http://rnpm.hz.netease.com/shell-quote/download/shell-quote-1.7.2.tgz#67a7d02c76c9da24f99d20808fcaded0e0e04be2"
    integrity sha1-Z6fQLHbJ2iT5nSCAj8re0ODgS+I=
  
  source-map-resolve@^0.5.2:
    version "0.5.3"
    resolved "http://rnpm.hz.netease.com/source-map-resolve/download/source-map-resolve-0.5.3.tgz#190866bece7553e1f8f267a2ee82c606b5509a1a"
    integrity sha1-GQhmvs51U+H48mei7oLGBrVQmho=
    dependencies:
      atob "^2.1.2"
      decode-uri-component "^0.2.0"
      resolve-url "^0.2.1"
      source-map-url "^0.4.0"
      urix "^0.1.0"
  
  source-map-url@^0.4.0:
    version "0.4.0"
    resolved "http://rnpm.hz.netease.com/source-map-url/download/source-map-url-0.4.0.tgz#3e935d7ddd73631b97659956d55128e87b5084a3"
    integrity sha1-PpNdfd1zYxuXZZlW1VEo6HtQhKM=
  
  source-map@0.6.*, source-map@^0.6.1, source-map@~0.6.0, source-map@~0.6.1:
    version "0.6.1"
    resolved "http://rnpm.hz.netease.com/source-map/download/source-map-0.6.1.tgz#74722af32e9614e9c287a8d0bbde48b5e2f1a263"
    integrity sha1-dHIq8y6WFOnCh6jQu95IteLxomM=
  
  source-map@0.7.3, source-map@^0.7.3:
    version "0.7.3"
    resolved "http://rnpm.hz.netease.com/source-map/download/source-map-0.7.3.tgz#5302f8169031735226544092e64981f751750383"
    integrity sha1-UwL4FpAxc1ImVECS5kmB91F1A4M=
  
  source-map@^0.5.6, source-map@~0.5.1:
    version "0.5.7"
    resolved "http://rnpm.hz.netease.com/source-map/download/source-map-0.5.7.tgz#8a039d2d1021d22d1ea14c80d8ea468ba2ef3fcc"
    integrity sha1-igOdLRAh0i0eoUyA2OpGi6LvP8w=
  
  sourcemap-codec@^1.4.4:
    version "1.4.8"
    resolved "http://rnpm.hz.netease.com/sourcemap-codec/download/sourcemap-codec-1.4.8.tgz#ea804bd94857402e6992d05a38ef1ae35a9ab4c4"
    integrity sha1-6oBL2UhXQC5pktBaOO8a41qatMQ=
  
  spdx-correct@^3.0.0:
    version "3.1.0"
    resolved "http://rnpm.hz.netease.com/spdx-correct/download/spdx-correct-3.1.0.tgz#fb83e504445268f154b074e218c87c003cd31df4"
    integrity sha1-+4PlBERSaPFUsHTiGMh8ADzTHfQ=
    dependencies:
      spdx-expression-parse "^3.0.0"
      spdx-license-ids "^3.0.0"
  
  spdx-exceptions@^2.1.0:
    version "2.2.0"
    resolved "http://rnpm.hz.netease.com/spdx-exceptions/download/spdx-exceptions-2.2.0.tgz#2ea450aee74f2a89bfb94519c07fcd6f41322977"
    integrity sha1-LqRQrudPKom/uUUZwH/Nb0EyKXc=
  
  spdx-expression-parse@^3.0.0:
    version "3.0.0"
    resolved "http://rnpm.hz.netease.com/spdx-expression-parse/download/spdx-expression-parse-3.0.0.tgz#99e119b7a5da00e05491c9fa338b7904823b41d0"
    integrity sha1-meEZt6XaAOBUkcn6M4t5BII7QdA=
    dependencies:
      spdx-exceptions "^2.1.0"
      spdx-license-ids "^3.0.0"
  
  spdx-license-ids@^3.0.0:
    version "3.0.5"
    resolved "http://rnpm.hz.netease.com/spdx-license-ids/download/spdx-license-ids-3.0.5.tgz#3694b5804567a458d3c8045842a6358632f62654"
    integrity sha1-NpS1gEVnpFjTyARYQqY1hjL2JlQ=
  
  sshpk@^1.7.0:
    version "1.16.1"
    resolved "http://rnpm.hz.netease.com/sshpk/download/sshpk-1.16.1.tgz#fb661c0bef29b39db40769ee39fa70093d6f6877"
    integrity sha1-+2YcC+8ps520B2nuOfpwCT1vaHc=
    dependencies:
      asn1 "~0.2.3"
      assert-plus "^1.0.0"
      bcrypt-pbkdf "^1.0.0"
      dashdash "^1.12.0"
      ecc-jsbn "~0.1.1"
      getpass "^0.1.1"
      jsbn "~0.1.0"
      safer-buffer "^2.0.2"
      tweetnacl "~0.14.0"
  
  string-hash@^1.1.0:
    version "1.1.3"
    resolved "http://rnpm.hz.netease.com/string-hash/download/string-hash-1.1.3.tgz#e8aafc0ac1855b4666929ed7dd1275df5d6c811b"
    integrity sha1-6Kr8CsGFW0Zmkp7X3RJ1311sgRs=
  
  string.prototype.padend@^3.0.0:
    version "3.1.0"
    resolved "http://rnpm.hz.netease.com/string.prototype.padend/download/string.prototype.padend-3.1.0.tgz#dc08f57a8010dc5c153550318f67e13adbb72ac3"
    integrity sha1-3Aj1eoAQ3FwVNVAxj2fhOtu3KsM=
    dependencies:
      define-properties "^1.1.3"
      es-abstract "^1.17.0-next.1"
  
  string.prototype.trimend@^1.0.0:
    version "1.0.1"
    resolved "http://rnpm.hz.netease.com/string.prototype.trimend/download/string.prototype.trimend-1.0.1.tgz#85812a6b847ac002270f5808146064c995fb6913"
    integrity sha1-hYEqa4R6wAInD1gIFGBkyZX7aRM=
    dependencies:
      define-properties "^1.1.3"
      es-abstract "^1.17.5"
  
  string.prototype.trimleft@^2.1.1:
    version "2.1.2"
    resolved "http://rnpm.hz.netease.com/string.prototype.trimleft/download/string.prototype.trimleft-2.1.2.tgz#4408aa2e5d6ddd0c9a80739b087fbc067c03b3cc"
    integrity sha1-RAiqLl1t3QyagHObCH+8BnwDs8w=
    dependencies:
      define-properties "^1.1.3"
      es-abstract "^1.17.5"
      string.prototype.trimstart "^1.0.0"
  
  string.prototype.trimright@^2.1.1:
    version "2.1.2"
    resolved "http://rnpm.hz.netease.com/string.prototype.trimright/download/string.prototype.trimright-2.1.2.tgz#c76f1cef30f21bbad8afeb8db1511496cfb0f2a3"
    integrity sha1-x28c7zDyG7rYr+uNsVEUls+w8qM=
    dependencies:
      define-properties "^1.1.3"
      es-abstract "^1.17.5"
      string.prototype.trimend "^1.0.0"
  
  string.prototype.trimstart@^1.0.0:
    version "1.0.1"
    resolved "http://rnpm.hz.netease.com/string.prototype.trimstart/download/string.prototype.trimstart-1.0.1.tgz#14af6d9f34b053f7cfc89b72f8f2ee14b9039a54"
    integrity sha1-FK9tnzSwU/fPyJty+PLuFLkDmlQ=
    dependencies:
      define-properties "^1.1.3"
      es-abstract "^1.17.5"
  
  strip-ansi@^3.0.0:
    version "3.0.1"
    resolved "http://rnpm.hz.netease.com/strip-ansi/download/strip-ansi-3.0.1.tgz#6a385fb8853d952d5ff05d0e8aaf94278dc63dcf"
    integrity sha1-ajhfuIU9lS1f8F0Oiq+UJ43GPc8=
    dependencies:
      ansi-regex "^2.0.0"
  
  strip-bom@^3.0.0:
    version "3.0.0"
    resolved "http://rnpm.hz.netease.com/strip-bom/download/strip-bom-3.0.0.tgz#2334c18e9c759f7bdd56fdef7e9ae3d588e68ed3"
    integrity sha1-IzTBjpx1n3vdVv3vfprj1YjmjtM=
  
  stylus@^0.54.5:
    version "0.54.7"
    resolved "http://rnpm.hz.netease.com/stylus/download/stylus-0.54.7.tgz#c6ce4793965ee538bcebe50f31537bfc04d88cd2"
    integrity sha1-xs5Hk5Ze5Ti86+UPMVN7/ATYjNI=
    dependencies:
      css-parse "~2.0.0"
      debug "~3.1.0"
      glob "^7.1.3"
      mkdirp "~0.5.x"
      safer-buffer "^2.1.2"
      sax "~1.2.4"
      semver "^6.0.0"
      source-map "^0.7.3"
  
  supports-color@^2.0.0:
    version "2.0.0"
    resolved "http://rnpm.hz.netease.com/supports-color/download/supports-color-2.0.0.tgz#535d045ce6b6363fa40117084629995e9df324c7"
    integrity sha1-U10EXOa2Nj+kARcIRimZXp3zJMc=
  
  supports-color@^3.2.3:
    version "3.2.3"
    resolved "http://rnpm.hz.netease.com/supports-color/download/supports-color-3.2.3.tgz#65ac0504b3954171d8a64946b2ae3cbb8a5f54f6"
    integrity sha1-ZawFBLOVQXHYpklGsq48u4pfVPY=
    dependencies:
      has-flag "^1.0.0"
  
  supports-color@^5.3.0, supports-color@^5.4.0:
    version "5.5.0"
    resolved "http://rnpm.hz.netease.com/supports-color/download/supports-color-5.5.0.tgz#e2e69a44ac8772f78a1ec0b35b689df6530efc8f"
    integrity sha1-4uaaRKyHcveKHsCzW2id9lMO/I8=
    dependencies:
      has-flag "^3.0.0"
  
  supports-color@^6.1.0:
    version "6.1.0"
    resolved "http://rnpm.hz.netease.com/supports-color/download/supports-color-6.1.0.tgz#0764abc69c63d5ac842dd4867e8d025e880df8f3"
    integrity sha1-B2Srxpxj1ayELdSGfo0CXogN+PM=
    dependencies:
      has-flag "^3.0.0"
  
  to-fast-properties@^1.0.3:
    version "1.0.3"
    resolved "http://rnpm.hz.netease.com/to-fast-properties/download/to-fast-properties-1.0.3.tgz#b83571fa4d8c25b82e231b06e3a3055de4ca1a47"
    integrity sha1-uDVx+k2MJbguIxsG46MFXeTKGkc=
  
  to-regex-range@^5.0.1:
    version "5.0.1"
    resolved "http://rnpm.hz.netease.com/to-regex-range/download/to-regex-range-5.0.1.tgz#1648c44aae7c8d988a326018ed72f5b4dd0392e4"
    integrity sha1-FkjESq58jZiKMmAY7XL1tN0DkuQ=
    dependencies:
      is-number "^7.0.0"
  
  token-stream@0.0.1:
    version "0.0.1"
    resolved "http://rnpm.hz.netease.com/token-stream/download/token-stream-0.0.1.tgz#ceeefc717a76c4316f126d0b9dbaa55d7e7df01a"
    integrity sha1-zu78cXp2xDFvEm0LnbqlXX598Bo=
  
  tough-cookie@~2.5.0:
    version "2.5.0"
    resolved "http://rnpm.hz.netease.com/tough-cookie/download/tough-cookie-2.5.0.tgz#cd9fb2a0aa1d5a12b473bd9fb96fa3dcff65ade2"
    integrity sha1-zZ+yoKodWhK0c72fuW+j3P9lreI=
    dependencies:
      psl "^1.1.28"
      punycode "^2.1.1"
  
  tslib@1.11.1, tslib@^1.10.0, tslib@^1.11.1:
    version "1.11.1"
    resolved "http://rnpm.hz.netease.com/tslib/download/tslib-1.11.1.tgz#eb15d128827fbee2841549e171f45ed338ac7e35"
    integrity sha1-6xXRKIJ/vuKEFUnhcfRe0zisfjU=
  
  tunnel-agent@^0.6.0:
    version "0.6.0"
    resolved "http://rnpm.hz.netease.com/tunnel-agent/download/tunnel-agent-0.6.0.tgz#27a5dea06b36b04a0a9966774b290868f0fc40fd"
    integrity sha1-J6XeoGs2sEoKmWZ3SykIaPD8QP0=
    dependencies:
      safe-buffer "^5.0.1"
  
  tweetnacl@^0.14.3, tweetnacl@~0.14.0:
    version "0.14.5"
    resolved "http://rnpm.hz.netease.com/tweetnacl/download/tweetnacl-0.14.5.tgz#5ae68177f192d4456269d108afa93ff8743f4f64"
    integrity sha1-WuaBd/GS1EViadEIr6k/+HQ/T2Q=
  
  typescript@^3.8.3:
    version "3.8.3"
    resolved "http://rnpm.hz.netease.com/typescript/download/typescript-3.8.3.tgz#409eb8544ea0335711205869ec458ab109ee1061"
    integrity sha1-QJ64VE6gM1cRIFhp7EWKsQnuEGE=
  
  uglify-js@^2.6.1:
    version "2.8.29"
    resolved "http://rnpm.hz.netease.com/uglify-js/download/uglify-js-2.8.29.tgz#29c5733148057bb4e1f75df35b7a9cb72e6a59dd"
    integrity sha1-KcVzMUgFe7Th913zW3qcty5qWd0=
    dependencies:
      source-map "~0.5.1"
      yargs "~3.10.0"
    optionalDependencies:
      uglify-to-browserify "~1.0.0"
  
  uglify-to-browserify@~1.0.0:
    version "1.0.2"
    resolved "http://rnpm.hz.netease.com/uglify-to-browserify/download/uglify-to-browserify-1.0.2.tgz#6e0924d6bda6b5afe349e39a6d632850a0f882b7"
    integrity sha1-bgkk1r2mta/jSeOabWMoUKD4grc=
  
  unicode-canonical-property-names-ecmascript@^1.0.4:
    version "1.0.4"
    resolved "http://rnpm.hz.netease.com/unicode-canonical-property-names-ecmascript/download/unicode-canonical-property-names-ecmascript-1.0.4.tgz#2619800c4c825800efdd8343af7dd9933cbe2818"
    integrity sha1-JhmADEyCWADv3YNDr33Zkzy+KBg=
  
  unicode-match-property-ecmascript@^1.0.4:
    version "1.0.4"
    resolved "http://rnpm.hz.netease.com/unicode-match-property-ecmascript/download/unicode-match-property-ecmascript-1.0.4.tgz#8ed2a32569961bce9227d09cd3ffbb8fed5f020c"
    integrity sha1-jtKjJWmWG86SJ9Cc0/+7j+1fAgw=
    dependencies:
      unicode-canonical-property-names-ecmascript "^1.0.4"
      unicode-property-aliases-ecmascript "^1.0.4"
  
  unicode-match-property-value-ecmascript@^1.2.0:
    version "1.2.0"
    resolved "http://rnpm.hz.netease.com/unicode-match-property-value-ecmascript/download/unicode-match-property-value-ecmascript-1.2.0.tgz#0d91f600eeeb3096aa962b1d6fc88876e64ea531"
    integrity sha1-DZH2AO7rMJaqlisdb8iIduZOpTE=
  
  unicode-property-aliases-ecmascript@^1.0.4:
    version "1.1.0"
    resolved "http://rnpm.hz.netease.com/unicode-property-aliases-ecmascript/download/unicode-property-aliases-ecmascript-1.1.0.tgz#dd57a99f6207bedff4628abefb94c50db941c8f4"
    integrity sha1-3Vepn2IHvt/0Yoq++5TFDblByPQ=
  
  uniq@^1.0.1:
    version "1.0.1"
    resolved "http://rnpm.hz.netease.com/uniq/download/uniq-1.0.1.tgz#b31c5ae8254844a3a8281541ce2b04b865a734ff"
    integrity sha1-sxxa6CVIRKOoKBVBzisEuGWnNP8=
  
  universalify@^0.1.0:
    version "0.1.2"
    resolved "http://rnpm.hz.netease.com/universalify/download/universalify-0.1.2.tgz#b646f69be3942dabcecc9d6639c80dc105efaa66"
    integrity sha1-tkb2m+OULavOzJ1mOcgNwQXvqmY=
  
  uri-js@^4.2.2:
    version "4.2.2"
    resolved "http://rnpm.hz.netease.com/uri-js/download/uri-js-4.2.2.tgz#94c540e1ff772956e2299507c010aea6c8838eb0"
    integrity sha1-lMVA4f93KVbiKZUHwBCupsiDjrA=
    dependencies:
      punycode "^2.1.0"
  
  urix@^0.1.0:
    version "0.1.0"
    resolved "http://rnpm.hz.netease.com/urix/download/urix-0.1.0.tgz#da937f7a62e21fec1fd18d49b35c2935067a6c72"
    integrity sha1-2pN/emLiH+wf0Y1Js1wpNQZ6bHI=
  
  uuid@^3.3.2:
    version "3.4.0"
    resolved "http://rnpm.hz.netease.com/uuid/download/uuid-3.4.0.tgz#b23e4358afa8a202fe7a100af1f5f883f02007ee"
    integrity sha1-sj5DWK+oogL+ehAK8fX4g/AgB+4=
  
  validate-npm-package-license@^3.0.1:
    version "3.0.4"
    resolved "http://rnpm.hz.netease.com/validate-npm-package-license/download/validate-npm-package-license-3.0.4.tgz#fc91f6b9c7ba15c857f4cb2c5defeec39d4f410a"
    integrity sha1-/JH2uce6FchX9MssXe/uw51PQQo=
    dependencies:
      spdx-correct "^3.0.0"
      spdx-expression-parse "^3.0.0"
  
  verror@1.10.0:
    version "1.10.0"
    resolved "http://rnpm.hz.netease.com/verror/download/verror-1.10.0.tgz#3a105ca17053af55d6e270c1f8288682e18da400"
    integrity sha1-OhBcoXBTr1XW4nDB+CiGguGNpAA=
    dependencies:
      assert-plus "^1.0.0"
      core-util-is "1.0.2"
      extsprintf "^1.2.0"
  
  void-elements@^2.0.1:
    version "2.0.1"
    resolved "http://rnpm.hz.netease.com/void-elements/download/void-elements-2.0.1.tgz#c066afb582bb1cb4128d60ea92392e94d5e9dbec"
    integrity sha1-wGavtYK7HLQSjWDqkjkulNXp2+w=
  
  vue-class-component@^7.1.0:
    version "7.2.3"
    resolved "http://rnpm.hz.netease.com/vue-class-component/download/vue-class-component-7.2.3.tgz#a5b1abd53513a72ad51098752e2dedd499807cca"
    integrity sha1-pbGr1TUTpyrVEJh1Li3t1JmAfMo=
  
  vue-property-decorator@^8.4.1:
    version "8.4.1"
    resolved "http://rnpm.hz.netease.com/vue-property-decorator/download/vue-property-decorator-8.4.1.tgz#fd8045b8678e1348fed57f9149279e00e404ed38"
    integrity sha1-/YBFuGeOE0j+1X+RSSeeAOQE7Tg=
    dependencies:
      vue-class-component "^7.1.0"
  
  vue-runtime-helpers@^1.1.1:
    version "1.1.2"
    resolved "http://rnpm.hz.netease.com/vue-runtime-helpers/download/vue-runtime-helpers-1.1.2.tgz#446b7b820888ab0c5264d2c3a32468e72e4100f3"
    integrity sha1-RGt7ggiIqwxSZNLDoyRo5y5BAPM=
  
  vue-template-compiler@^2.6.11:
    version "2.6.11"
    resolved "http://rnpm.hz.netease.com/vue-template-compiler/download/vue-template-compiler-2.6.11.tgz#c04704ef8f498b153130018993e56309d4698080"
    integrity sha1-wEcE749JixUxMAGJk+VjCdRpgIA=
    dependencies:
      de-indent "^1.0.2"
      he "^1.1.0"
  
  vue-template-es2015-compiler@^1.9.0:
    version "1.9.1"
    resolved "http://rnpm.hz.netease.com/vue-template-es2015-compiler/download/vue-template-es2015-compiler-1.9.1.tgz#1ee3bc9a16ecbf5118be334bb15f9c46f82f5825"
    integrity sha1-HuO8mhbsv1EYvjNLsV+cRvgvWCU=
  
  vue@^2.6.11:
    version "2.6.11"
    resolved "http://rnpm.hz.netease.com/vue/download/vue-2.6.11.tgz#76594d877d4b12234406e84e35275c6d514125c5"
    integrity sha1-dllNh31LEiNEBuhONSdcbVFBJcU=
  
  which@^1.2.9:
    version "1.3.1"
    resolved "http://rnpm.hz.netease.com/which/download/which-1.3.1.tgz#a45043d54f5805316da8d62f9f50918d3da70b0a"
    integrity sha1-pFBD1U9YBTFtqNYvn1CRjT2nCwo=
    dependencies:
      isexe "^2.0.0"
  
  window-size@0.1.0:
    version "0.1.0"
    resolved "http://rnpm.hz.netease.com/window-size/download/window-size-0.1.0.tgz#5438cd2ea93b202efa3a19fe8887aee7c94f9c9d"
    integrity sha1-VDjNLqk7IC76Ohn+iIeu58lPnJ0=
  
  with@^5.0.0:
    version "5.1.1"
    resolved "http://rnpm.hz.netease.com/with/download/with-5.1.1.tgz#fa4daa92daf32c4ea94ed453c81f04686b575dfe"
    integrity sha1-+k2qktrzLE6pTtRTyB8EaGtXXf4=
    dependencies:
      acorn "^3.1.0"
      acorn-globals "^3.0.0"
  
  wordwrap@0.0.2:
    version "0.0.2"
    resolved "http://rnpm.hz.netease.com/wordwrap/download/wordwrap-0.0.2.tgz#b79669bb42ecb409f83d583cad52ca17eaa1643f"
    integrity sha1-t5Zpu0LstAn4PVg8rVLKF+qhZD8=
  
  wrappy@1:
    version "1.0.2"
    resolved "http://rnpm.hz.netease.com/wrappy/download/wrappy-1.0.2.tgz#b5243d8f3ec1aa35f1364605bc0d1036e30ab69f"
    integrity sha1-tSQ9jz7BqjXxNkYFvA0QNuMKtp8=
  
  yallist@^2.1.2:
    version "2.1.2"
    resolved "http://rnpm.hz.netease.com/yallist/download/yallist-2.1.2.tgz#1c11f9218f076089a47dd512f93c6699a6a81d52"
    integrity sha1-HBH5IY8HYImkfdUS+TxmmaaoHVI=
  
  yargs@~3.10.0:
    version "3.10.0"
    resolved "http://rnpm.hz.netease.com/yargs/download/yargs-3.10.0.tgz#f7ee7bd857dd7c1d2d38c0e74efbd681d1431fd1"
    integrity sha1-9+572FfdfB0tOMDnTvvWgdFDH9E=
    dependencies:
      camelcase "^1.0.2"
      cliui "^2.1.0"
      decamelize "^1.0.0"
      window-size "0.1.0"
